{"level":"debug","message":"Marketplace service started","module":"marketplace","timestamp":"2025-07-08T17:51:58.331Z"}
{"level":"debug","message":"Call service started","module":"calls","timestamp":"2025-07-08T17:51:58.333Z"}
{"level":"debug","message":"Player Service started","module":"player","timestamp":"2025-07-08T17:51:58.333Z"}
{"level":"info","message":"Loading QBX bridge....","timestamp":"2025-07-08T17:51:58.334Z"}
{"level":"info","message":"QBX bridge initialized","timestamp":"2025-07-08T17:51:58.334Z"}
{"level":"debug","message":"Boot service started","module":"boot","timestamp":"2025-07-08T17:51:58.335Z"}
{"level":"debug","message":"Messages service started","module":"messages","timestamp":"2025-07-08T17:51:58.335Z"}
{"level":"debug","message":"Notes service started","module":"notes","timestamp":"2025-07-08T17:51:58.336Z"}
{"level":"debug","message":"Contacts service started","module":"contact","timestamp":"2025-07-08T17:51:58.336Z"}
{"level":"debug","message":"Photo service started","module":"photo","timestamp":"2025-07-08T17:51:58.355Z"}
{"level":"debug","message":"Twitter service started","module":"twitter","timestamp":"2025-07-08T17:51:58.355Z"}
{"level":"debug","message":"Match service started","module":"match","timestamp":"2025-07-08T17:51:58.356Z"}
{"level":"debug","message":"Beginning database schema validation","module":"boot","timestamp":"2025-07-08T17:52:00.461Z"}
{"level":"info","message":"Successfully started","timestamp":"2025-07-08T17:52:00.484Z"}
{"level":"info","message":"Executed query (SELECT COUNT(*) as count\n                       FROM information_schema.tables\n                       WHERE table_schema = ?\n                         AND table_name = ? [\"Qbox_6D580F\",\"players\"]) in 179.6098ms'","module":"DBInterface","timestamp":"2025-07-08T17:52:00.642Z"}
{"level":"info","message":"Executed query (SHOW COLUMNS IN players []) in 83.6706ms'","module":"DBInterface","timestamp":"2025-07-08T17:52:00.727Z"}
{"level":"debug","message":"Database schema successfully validated","module":"boot","timestamp":"2025-07-08T17:52:00.727Z"}
{"level":"info","message":"New NPWD Player added through event (1) (OD6D8555)","module":"player","timestamp":"2025-07-08T17:55:04.874Z"}
{"level":"debug","message":{"_firstname":"Harun","_identifier":"OD6D8555","_lastname":"Akar","_phoneNumber":"6196799999","source":1,"username":"MrAliFurkan"},"module":"player","timestamp":"2025-07-08T17:55:04.874Z"}
{"level":"info","message":"New NPWD Player added through event (1) (OD6D8555)","module":"player","timestamp":"2025-07-08T17:55:04.886Z"}
{"level":"debug","message":{"_firstname":"Harun","_identifier":"OD6D8555","_lastname":"Akar","_phoneNumber":"6196799999","source":1,"username":"MrAliFurkan"},"module":"player","timestamp":"2025-07-08T17:55:04.886Z"}
{"level":"silly","message":"netPromise > npwd:fetchTweets > RequestObj","module":"events","timestamp":"2025-07-08T17:55:04.970Z"}
{"level":"silly","message":{"data":{"pageId":0},"source":1},"module":"events","timestamp":"2025-07-08T17:55:04.970Z"}
{"level":"info","message":"Executed query (\n        SELECT *\n        FROM npwd_twitter_profiles\n        WHERE identifier = ?\n        LIMIT 1\n\t\t [\"OD6D8555\"]) in 3.494ms'","module":"DBInterface","timestamp":"2025-07-08T17:55:04.974Z"}
{"level":"warn","message":"Aborted fetching tweets for user OD6D8555 because they do not have a profile.","module":"twitter","timestamp":"2025-07-08T17:55:04.974Z"}
{"level":"silly","message":"Response Promise Event npwd:fetchTweets:d044d775-0591-4613-a82b-886222c1fa8c (4.9938ms), Data >>","module":"events","timestamp":"2025-07-08T17:55:04.975Z"}
{"level":"silly","message":{"data":[],"status":"ok"},"module":"events","timestamp":"2025-07-08T17:55:04.975Z"}
{"level":"silly","message":"netPromise > npwd:getOrCreateTwitterProfile > RequestObj","module":"events","timestamp":"2025-07-08T17:55:05.230Z"}
{"level":"silly","message":{"data":null,"source":1},"module":"events","timestamp":"2025-07-08T17:55:05.230Z"}
{"level":"silly","message":"netPromise > phone:getMyProfile > RequestObj","module":"events","timestamp":"2025-07-08T17:55:05.234Z"}
{"level":"silly","message":{"data":null,"source":1},"module":"events","timestamp":"2025-07-08T17:55:05.238Z"}
{"level":"silly","message":"netPromise > npwd:fetchMessageGroups > RequestObj","module":"events","timestamp":"2025-07-08T17:55:05.241Z"}
{"level":"silly","message":{"data":null,"source":1},"module":"events","timestamp":"2025-07-08T17:55:05.241Z"}
{"level":"silly","message":"netPromise > npwd-contact-getAll > RequestObj","module":"events","timestamp":"2025-07-08T17:55:05.243Z"}
{"level":"silly","message":{"data":null,"source":1},"module":"events","timestamp":"2025-07-08T17:55:05.243Z"}
{"level":"info","message":"Executed query (\n        SELECT *\n        FROM npwd_twitter_profiles\n        WHERE identifier = ?\n        LIMIT 1\n\t\t [\"OD6D8555\"]) in 34.5227ms'","module":"DBInterface","timestamp":"2025-07-08T17:55:05.265Z"}
{"level":"info","message":"Creating default Twitter profile Harun_Akar for OD6D8555","module":"twitter","timestamp":"2025-07-08T17:55:05.266Z"}
{"level":"info","message":"Executed query (\n        SELECT *,\n               UNIX_TIMESTAMP(updatedAt) AS lastActive\n        FROM npwd_match_profiles\n        WHERE identifier = ?\n        LIMIT 1\n\t\t [\"OD6D8555\"]) in 40.373ms'","module":"DBInterface","timestamp":"2025-07-08T17:55:05.279Z"}
{"level":"info","message":"Creating default match profile Harun Akar for OD6D8555","module":"match","timestamp":"2025-07-08T17:55:05.280Z"}
{"level":"info","message":"Executed query (\n        SELECT *\n        FROM npwd_twitter_profiles\n        WHERE identifier = ?\n        LIMIT 1\n\t\t [\"OD6D8555\"]) in 5.5879ms'","module":"DBInterface","timestamp":"2025-07-08T17:55:05.283Z"}
{"level":"silly","message":"Response Promise Event npwd:getOrCreateTwitterProfile:68584f05-e10b-47fb-bc8b-dd8ca93f2549 (54.0172ms), Data >>","module":"events","timestamp":"2025-07-08T17:55:05.283Z"}
{"level":"silly","message":{"data":{"avatar_url":"https://i.fivemanage.com/images/3ClWwmpwkFhL.png","createdAt":"2025-07-08T17:55:05.000Z","id":1,"identifier":"OD6D8555","profile_name":"Harun_Akar","updatedAt":"2025-07-08T17:55:05.000Z"},"status":"ok"},"module":"events","timestamp":"2025-07-08T17:55:05.283Z"}
{"level":"info","message":"Executed query (SELECT * FROM npwd_phone_contacts WHERE identifier = ? ORDER BY display ASC [\"OD6D8555\"]) in 44.222ms'","module":"DBInterface","timestamp":"2025-07-08T17:55:05.288Z"}
{"level":"silly","message":"Response Promise Event npwd-contact-getAll:86e60c4f-b32f-4ac2-a25b-005d6c6b605a (45.1097ms), Data >>","module":"events","timestamp":"2025-07-08T17:55:05.288Z"}
{"level":"silly","message":{"data":[],"status":"ok"},"module":"events","timestamp":"2025-07-08T17:55:05.289Z"}
{"level":"info","message":"Executed query (SELECT npwd_messages_conversations.id,\n                          npwd_messages_conversations.conversation_list         as conversationList,\n                          npwd_messages_participants.unread_count               as unreadCount,\n                          npwd_messages_conversations.is_group_chat             as isGroupChat,\n                          npwd_messages_conversations.label,\n                          UNIX_TIMESTAMP(npwd_messages_conversations.updatedAt) as updatedAt,\n                          npwd_messages_participants.participant\n                   FROM npwd_messages_conversations\n                            INNER JOIN npwd_messages_participants\n                                       on npwd_messages_conversations.id = npwd_messages_participants.conversation_id\n                   WHERE npwd_messages_participants.participant = ? [\"6196799999\"]) in 49.2285ms'","module":"DBInterface","timestamp":"2025-07-08T17:55:05.291Z"}
{"level":"silly","message":"Response Promise Event npwd:fetchMessageGroups:b35c241a-9077-48e8-a7e9-19d015016eb3 (50.0823ms), Data >>","module":"events","timestamp":"2025-07-08T17:55:05.291Z"}
{"level":"silly","message":{"data":[],"status":"ok"},"module":"events","timestamp":"2025-07-08T17:55:05.291Z"}
{"level":"info","message":"Executed query (\n        SELECT *,\n               UNIX_TIMESTAMP(updatedAt) AS lastActive\n        FROM npwd_match_profiles\n        WHERE identifier = ?\n        LIMIT 1\n\t\t [\"OD6D8555\"]) in 3.0332ms'","module":"DBInterface","timestamp":"2025-07-08T17:55:05.293Z"}
{"level":"silly","message":"Response Promise Event phone:getMyProfile:826367bd-9355-490d-acf8-582d989c076a (64.1956ms), Data >>","module":"events","timestamp":"2025-07-08T17:55:05.296Z"}
{"level":"silly","message":{"data":{"bio":"","createdAt":"2025-07-08T17:55:05.000Z","id":1,"identifier":"OD6D8555","image":"https://upload.wikimedia.org/wikipedia/commons/a/ac/No_image_available.svg","job":"","lastActive":1751997305,"lastActiveFormatted":"Tue, 08 Jul 2025 17:55:05 GMT","location":"","name":"Harun Akar","tagList":[],"tags":"","updatedAt":"2025-07-08T17:55:05.000Z","viewed":false,"voiceMessage":null},"status":"ok"},"module":"events","timestamp":"2025-07-08T17:55:05.296Z"}
{"level":"silly","message":"netPromise > npwd:FetchPhotos > RequestObj","module":"events","timestamp":"2025-07-08T17:57:35.342Z"}
{"level":"silly","message":{"data":null,"source":1},"module":"events","timestamp":"2025-07-08T17:57:35.342Z"}
{"level":"info","message":"Executed query (SELECT id, image FROM npwd_phone_gallery WHERE identifier = ? ORDER BY id DESC [\"OD6D8555\"]) in 2.1505ms'","module":"DBInterface","timestamp":"2025-07-08T17:57:35.345Z"}
{"level":"silly","message":"Response Promise Event npwd:FetchPhotos:78bca3f7-0cf8-4fde-840d-4b46ef41e3ea (3.0666ms), Data >>","module":"events","timestamp":"2025-07-08T17:57:35.345Z"}
{"level":"silly","message":{"data":[],"status":"ok"},"module":"events","timestamp":"2025-07-08T17:57:35.345Z"}
{"level":"silly","message":"netPromise > npwd:UploadPhoto > RequestObj","module":"events","timestamp":"2025-07-08T17:57:38.448Z"}
{"level":"silly","message":{"source":1},"module":"events","timestamp":"2025-07-08T17:57:38.448Z"}
{"level":"error","message":"Could not find upload token for photos!","module":"photo","timestamp":"2025-07-08T17:57:38.448Z"}
{"level":"error","message":"For more information: https://projecterror.dev/docs/npwd/start/installation/#setting-up-camera-functionality","module":"photo","timestamp":"2025-07-08T17:57:38.449Z"}
{"level":"silly","message":"Response Promise Event npwd:UploadPhoto:ca22da4f-7e5a-44b5-be91-7049ffe6cbf8 (2.3907ms), Data >>","module":"events","timestamp":"2025-07-08T17:57:38.450Z"}
{"level":"silly","message":{"errorMsg":"No upload token found!","status":"error"},"module":"events","timestamp":"2025-07-08T17:57:38.450Z"}
{"level":"silly","message":"netPromise > npwd:fetchAllListings > RequestObj","module":"events","timestamp":"2025-07-08T17:57:42.186Z"}
{"level":"silly","message":{"data":null,"source":1},"module":"events","timestamp":"2025-07-08T17:57:42.186Z"}
{"level":"info","message":"Executed query (SELECT * FROM npwd_marketplace_listings WHERE reported = 0 ORDER BY id DESC []) in 2.1898ms'","module":"DBInterface","timestamp":"2025-07-08T17:57:42.189Z"}
{"level":"silly","message":"Response Promise Event npwd:fetchAllListings:75d8e9ca-13ce-4e8e-8dac-867ad6dce092 (3.5361ms), Data >>","module":"events","timestamp":"2025-07-08T17:57:42.189Z"}
{"level":"silly","message":{"data":[],"status":"ok"},"module":"events","timestamp":"2025-07-08T17:57:42.189Z"}
{"level":"silly","message":"netPromise > npwd:fetchCalls > RequestObj","module":"events","timestamp":"2025-07-08T17:57:45.069Z"}
{"level":"silly","message":{"data":null,"source":1},"module":"events","timestamp":"2025-07-08T17:57:45.071Z"}
{"level":"info","message":"Executed query (SELECT * FROM npwd_calls WHERE receiver = ? OR transmitter = ? ORDER BY id DESC LIMIT ? [\"6196799999\",\"6196799999\",\"50\"]) in 6.4648ms'","module":"DBInterface","timestamp":"2025-07-08T17:57:45.078Z"}
{"level":"silly","message":"Response Promise Event npwd:fetchCalls:fb8c98c3-8946-4965-8b1d-a4f987a99a9c (12.013ms), Data >>","module":"events","timestamp":"2025-07-08T17:57:45.078Z"}
{"level":"silly","message":{"data":[],"status":"ok"},"module":"events","timestamp":"2025-07-08T17:57:45.079Z"}
{"level":"info","message":"Executed query (SELECT id FROM npwd_marketplace_listings WHERE identifier = ? [\"OD6D8555\"]) in 6.7456ms'","module":"DBInterface","timestamp":"2025-07-08T18:01:19.005Z"}
{"level":"info","message":"Executed query (DELETE FROM npwd_marketplace_listings WHERE identifier = ? AND reported = 0 [\"OD6D8555\"]) in 0.8253ms'","module":"DBInterface","timestamp":"2025-07-08T18:01:19.006Z"}
{"level":"info","message":"Unloaded NPWD Player, source: (1)","module":"player","timestamp":"2025-07-08T18:01:19.006Z"}
{"level":"debug","message":"Marketplace service started","module":"marketplace","timestamp":"2025-07-09T18:09:12.657Z"}
{"level":"debug","message":"Call service started","module":"calls","timestamp":"2025-07-09T18:09:12.659Z"}
{"level":"debug","message":"Player Service started","module":"player","timestamp":"2025-07-09T18:09:12.659Z"}
{"level":"info","message":"Loading QBX bridge....","timestamp":"2025-07-09T18:09:12.660Z"}
{"level":"info","message":"QBX bridge initialized","timestamp":"2025-07-09T18:09:12.660Z"}
{"level":"debug","message":"Boot service started","module":"boot","timestamp":"2025-07-09T18:09:12.660Z"}
{"level":"debug","message":"Messages service started","module":"messages","timestamp":"2025-07-09T18:09:12.661Z"}
{"level":"debug","message":"Notes service started","module":"notes","timestamp":"2025-07-09T18:09:12.661Z"}
{"level":"debug","message":"Contacts service started","module":"contact","timestamp":"2025-07-09T18:09:12.661Z"}
{"level":"debug","message":"Photo service started","module":"photo","timestamp":"2025-07-09T18:09:12.676Z"}
{"level":"debug","message":"Twitter service started","module":"twitter","timestamp":"2025-07-09T18:09:12.677Z"}
{"level":"debug","message":"Match service started","module":"match","timestamp":"2025-07-09T18:09:12.677Z"}
{"level":"debug","message":"Beginning database schema validation","module":"boot","timestamp":"2025-07-09T18:09:12.883Z"}
{"level":"info","message":"Successfully started","timestamp":"2025-07-09T18:09:12.902Z"}
{"level":"info","message":"Executed query (SELECT COUNT(*) as count\n                       FROM information_schema.tables\n                       WHERE table_schema = ?\n                         AND table_name = ? [\"Qbox_6D580F\",\"players\"]) in 42.8575ms'","module":"DBInterface","timestamp":"2025-07-09T18:09:12.927Z"}
{"level":"info","message":"Executed query (SHOW COLUMNS IN players []) in 114.3967ms'","module":"DBInterface","timestamp":"2025-07-09T18:09:13.042Z"}
{"level":"debug","message":"Database schema successfully validated","module":"boot","timestamp":"2025-07-09T18:09:13.042Z"}
{"level":"debug","message":"Marketplace service started","module":"marketplace","timestamp":"2025-07-09T18:10:19.971Z"}
{"level":"debug","message":"Call service started","module":"calls","timestamp":"2025-07-09T18:10:19.974Z"}
{"level":"debug","message":"Player Service started","module":"player","timestamp":"2025-07-09T18:10:19.975Z"}
{"level":"info","message":"Loading QBX bridge....","timestamp":"2025-07-09T18:10:19.975Z"}
{"level":"info","message":"QBX bridge initialized","timestamp":"2025-07-09T18:10:19.975Z"}
{"level":"debug","message":"Boot service started","module":"boot","timestamp":"2025-07-09T18:10:19.976Z"}
{"level":"debug","message":"Messages service started","module":"messages","timestamp":"2025-07-09T18:10:19.976Z"}
{"level":"debug","message":"Notes service started","module":"notes","timestamp":"2025-07-09T18:10:19.977Z"}
{"level":"debug","message":"Contacts service started","module":"contact","timestamp":"2025-07-09T18:10:19.977Z"}
{"level":"debug","message":"Photo service started","module":"photo","timestamp":"2025-07-09T18:10:19.998Z"}
{"level":"debug","message":"Twitter service started","module":"twitter","timestamp":"2025-07-09T18:10:19.998Z"}
{"level":"debug","message":"Match service started","module":"match","timestamp":"2025-07-09T18:10:20.003Z"}
{"level":"debug","message":"Beginning database schema validation","module":"boot","timestamp":"2025-07-09T18:10:20.317Z"}
{"level":"info","message":"Successfully started","timestamp":"2025-07-09T18:10:20.340Z"}
{"level":"info","message":"Executed query (SELECT COUNT(*) as count\n                       FROM information_schema.tables\n                       WHERE table_schema = ?\n                         AND table_name = ? [\"Qbox_6D580F\",\"players\"]) in 74.4705ms'","module":"DBInterface","timestamp":"2025-07-09T18:10:20.393Z"}
{"level":"info","message":"Executed query (SHOW COLUMNS IN players []) in 17.3329ms'","module":"DBInterface","timestamp":"2025-07-09T18:10:20.411Z"}
{"level":"debug","message":"Database schema successfully validated","module":"boot","timestamp":"2025-07-09T18:10:20.412Z"}
{"level":"info","message":"New NPWD Player added through event (1) (YV08456K)","module":"player","timestamp":"2025-07-09T18:11:16.074Z"}
{"level":"debug","message":{"_firstname":"Q3y4ywy","_identifier":"YV08456K","_lastname":"Reh<Shr","_phoneNumber":"3289785499","source":1,"username":"altun"},"module":"player","timestamp":"2025-07-09T18:11:16.074Z"}
{"level":"info","message":"New NPWD Player added through event (1) (YV08456K)","module":"player","timestamp":"2025-07-09T18:11:16.086Z"}
{"level":"debug","message":{"_firstname":"Q3y4ywy","_identifier":"YV08456K","_lastname":"Reh<Shr","_phoneNumber":"3289785499","source":1,"username":"altun"},"module":"player","timestamp":"2025-07-09T18:11:16.086Z"}
{"level":"silly","message":"netPromise > npwd:fetchTweets > RequestObj","module":"events","timestamp":"2025-07-09T18:11:16.122Z"}
{"level":"silly","message":{"data":{"pageId":0},"source":1},"module":"events","timestamp":"2025-07-09T18:11:16.123Z"}
{"level":"info","message":"Executed query (\n        SELECT *\n        FROM npwd_twitter_profiles\n        WHERE identifier = ?\n        LIMIT 1\n\t\t [\"YV08456K\"]) in 2.734ms'","module":"DBInterface","timestamp":"2025-07-09T18:11:16.126Z"}
{"level":"warn","message":"Aborted fetching tweets for user YV08456K because they do not have a profile.","module":"twitter","timestamp":"2025-07-09T18:11:16.126Z"}
{"level":"silly","message":"Response Promise Event npwd:fetchTweets:5e12772a-590f-4471-b947-26c2af4819b9 (4.3486ms), Data >>","module":"events","timestamp":"2025-07-09T18:11:16.127Z"}
{"level":"silly","message":{"data":[],"status":"ok"},"module":"events","timestamp":"2025-07-09T18:11:16.127Z"}
{"level":"silly","message":"netPromise > npwd:getOrCreateTwitterProfile > RequestObj","module":"events","timestamp":"2025-07-09T18:11:16.326Z"}
{"level":"silly","message":{"data":null,"source":1},"module":"events","timestamp":"2025-07-09T18:11:16.326Z"}
{"level":"silly","message":"netPromise > phone:getMyProfile > RequestObj","module":"events","timestamp":"2025-07-09T18:11:16.327Z"}
{"level":"silly","message":{"data":null,"source":1},"module":"events","timestamp":"2025-07-09T18:11:16.327Z"}
{"level":"silly","message":"netPromise > npwd:fetchMessageGroups > RequestObj","module":"events","timestamp":"2025-07-09T18:11:16.328Z"}
{"level":"silly","message":{"data":null,"source":1},"module":"events","timestamp":"2025-07-09T18:11:16.328Z"}
{"level":"silly","message":"netPromise > npwd-contact-getAll > RequestObj","module":"events","timestamp":"2025-07-09T18:11:16.329Z"}
{"level":"silly","message":{"data":null,"source":1},"module":"events","timestamp":"2025-07-09T18:11:16.329Z"}
{"level":"info","message":"Executed query (\n        SELECT *\n        FROM npwd_twitter_profiles\n        WHERE identifier = ?\n        LIMIT 1\n\t\t [\"YV08456K\"]) in 6.4155ms'","module":"DBInterface","timestamp":"2025-07-09T18:11:16.333Z"}
{"level":"info","message":"Creating default Twitter profile Q3y4ywy_RehShr for YV08456K","module":"twitter","timestamp":"2025-07-09T18:11:16.335Z"}
{"level":"info","message":"Executed query (\n        SELECT *,\n               UNIX_TIMESTAMP(updatedAt) AS lastActive\n        FROM npwd_match_profiles\n        WHERE identifier = ?\n        LIMIT 1\n\t\t [\"YV08456K\"]) in 13.4456ms'","module":"DBInterface","timestamp":"2025-07-09T18:11:16.341Z"}
{"level":"info","message":"Creating default match profile Q3y4ywy RehShr for YV08456K","module":"match","timestamp":"2025-07-09T18:11:16.341Z"}
{"level":"info","message":"Executed query (SELECT * FROM npwd_phone_contacts WHERE identifier = ? ORDER BY display ASC [\"YV08456K\"]) in 13.2164ms'","module":"DBInterface","timestamp":"2025-07-09T18:11:16.342Z"}
{"level":"silly","message":"Response Promise Event npwd-contact-getAll:b36f9cfa-eee4-4bcb-96fd-7a858cd67d2f (13.6818ms), Data >>","module":"events","timestamp":"2025-07-09T18:11:16.342Z"}
{"level":"info","message":"Executed query (\n        SELECT *\n        FROM npwd_twitter_profiles\n        WHERE identifier = ?\n        LIMIT 1\n\t\t [\"YV08456K\"]) in 3.7107ms'","module":"DBInterface","timestamp":"2025-07-09T18:11:16.343Z"}
{"level":"silly","message":{"data":[],"status":"ok"},"module":"events","timestamp":"2025-07-09T18:11:16.342Z"}
{"level":"silly","message":"Response Promise Event npwd:getOrCreateTwitterProfile:2a02a677-64d2-4caa-aea6-1f15988dae62 (17.2703ms), Data >>","module":"events","timestamp":"2025-07-09T18:11:16.344Z"}
{"level":"silly","message":{"data":{"avatar_url":"https://i.fivemanage.com/images/3ClWwmpwkFhL.png","createdAt":"2025-07-09T18:11:16.000Z","id":2,"identifier":"YV08456K","profile_name":"Q3y4ywy_RehShr","updatedAt":"2025-07-09T18:11:16.000Z"},"status":"ok"},"module":"events","timestamp":"2025-07-09T18:11:16.344Z"}
{"level":"info","message":"Executed query (SELECT npwd_messages_conversations.id,\n                          npwd_messages_conversations.conversation_list         as conversationList,\n                          npwd_messages_participants.unread_count               as unreadCount,\n                          npwd_messages_conversations.is_group_chat             as isGroupChat,\n                          npwd_messages_conversations.label,\n                          UNIX_TIMESTAMP(npwd_messages_conversations.updatedAt) as updatedAt,\n                          npwd_messages_participants.participant\n                   FROM npwd_messages_conversations\n                            INNER JOIN npwd_messages_participants\n                                       on npwd_messages_conversations.id = npwd_messages_participants.conversation_id\n                   WHERE npwd_messages_participants.participant = ? [\"3289785499\"]) in 18.7647ms'","module":"DBInterface","timestamp":"2025-07-09T18:11:16.347Z"}
{"level":"silly","message":"Response Promise Event npwd:fetchMessageGroups:4b717805-fe3b-45c9-bbf4-c28f70718b1b (19.4661ms), Data >>","module":"events","timestamp":"2025-07-09T18:11:16.347Z"}
{"level":"info","message":"Executed query (\n        SELECT *,\n               UNIX_TIMESTAMP(updatedAt) AS lastActive\n        FROM npwd_match_profiles\n        WHERE identifier = ?\n        LIMIT 1\n\t\t [\"YV08456K\"]) in 4.4247ms'","module":"DBInterface","timestamp":"2025-07-09T18:11:16.350Z"}
{"level":"silly","message":{"data":[],"status":"ok"},"module":"events","timestamp":"2025-07-09T18:11:16.348Z"}
{"level":"silly","message":"Response Promise Event phone:getMyProfile:f2b26e87-63b4-4158-8921-b2309917fb34 (24.2755ms), Data >>","module":"events","timestamp":"2025-07-09T18:11:16.351Z"}
{"level":"silly","message":{"data":{"bio":"","createdAt":"2025-07-09T18:11:16.000Z","id":2,"identifier":"YV08456K","image":"https://upload.wikimedia.org/wikipedia/commons/a/ac/No_image_available.svg","job":"","lastActive":1752084676,"lastActiveFormatted":"Wed, 09 Jul 2025 18:11:16 GMT","location":"","name":"Q3y4ywy RehShr","tagList":[],"tags":"","updatedAt":"2025-07-09T18:11:16.000Z","viewed":false,"voiceMessage":null},"status":"ok"},"module":"events","timestamp":"2025-07-09T18:11:16.351Z"}
{"level":"info","message":"Executed query (SELECT id FROM npwd_marketplace_listings WHERE identifier = ? [\"YV08456K\"]) in 5.0662ms'","module":"DBInterface","timestamp":"2025-07-09T18:13:18.240Z"}
{"level":"info","message":"Executed query (DELETE FROM npwd_marketplace_listings WHERE identifier = ? AND reported = 0 [\"YV08456K\"]) in 1.1672ms'","module":"DBInterface","timestamp":"2025-07-09T18:13:18.241Z"}
{"level":"info","message":"Unloaded NPWD Player, source: (1)","module":"player","timestamp":"2025-07-09T18:13:18.242Z"}
{"level":"debug","message":"Marketplace service started","module":"marketplace","timestamp":"2025-07-09T18:14:50.472Z"}
{"level":"debug","message":"Call service started","module":"calls","timestamp":"2025-07-09T18:14:50.474Z"}
{"level":"debug","message":"Player Service started","module":"player","timestamp":"2025-07-09T18:14:50.474Z"}
{"level":"info","message":"Loading QBX bridge....","timestamp":"2025-07-09T18:14:50.475Z"}
{"level":"info","message":"QBX bridge initialized","timestamp":"2025-07-09T18:14:50.475Z"}
{"level":"debug","message":"Boot service started","module":"boot","timestamp":"2025-07-09T18:14:50.475Z"}
{"level":"debug","message":"Messages service started","module":"messages","timestamp":"2025-07-09T18:14:50.475Z"}
{"level":"debug","message":"Notes service started","module":"notes","timestamp":"2025-07-09T18:14:50.476Z"}
{"level":"debug","message":"Contacts service started","module":"contact","timestamp":"2025-07-09T18:14:50.476Z"}
{"level":"debug","message":"Photo service started","module":"photo","timestamp":"2025-07-09T18:14:50.490Z"}
{"level":"debug","message":"Twitter service started","module":"twitter","timestamp":"2025-07-09T18:14:50.490Z"}
{"level":"debug","message":"Match service started","module":"match","timestamp":"2025-07-09T18:14:50.491Z"}
{"level":"debug","message":"Beginning database schema validation","module":"boot","timestamp":"2025-07-09T18:14:51.050Z"}
{"level":"info","message":"Successfully started","timestamp":"2025-07-09T18:14:51.067Z"}
{"level":"info","message":"Executed query (SELECT COUNT(*) as count\n                       FROM information_schema.tables\n                       WHERE table_schema = ?\n                         AND table_name = ? [\"Qbox_6D580F\",\"players\"]) in 100.9952ms'","module":"DBInterface","timestamp":"2025-07-09T18:14:51.152Z"}
{"level":"info","message":"Executed query (SHOW COLUMNS IN players []) in 7.5359ms'","module":"DBInterface","timestamp":"2025-07-09T18:14:51.159Z"}
{"level":"debug","message":"Database schema successfully validated","module":"boot","timestamp":"2025-07-09T18:14:51.160Z"}
{"level":"info","message":"New NPWD Player added through event (1) (V5JM8O39)","module":"player","timestamp":"2025-07-09T18:17:44.075Z"}
{"level":"debug","message":{"_firstname":"Test","_identifier":"V5JM8O39","_lastname":"Test","_phoneNumber":"1035838538","source":1,"username":"altun"},"module":"player","timestamp":"2025-07-09T18:17:44.075Z"}
{"level":"info","message":"New NPWD Player added through event (1) (V5JM8O39)","module":"player","timestamp":"2025-07-09T18:17:44.085Z"}
{"level":"debug","message":{"_firstname":"Test","_identifier":"V5JM8O39","_lastname":"Test","_phoneNumber":"1035838538","source":1,"username":"altun"},"module":"player","timestamp":"2025-07-09T18:17:44.085Z"}
{"level":"silly","message":"netPromise > npwd:fetchTweets > RequestObj","module":"events","timestamp":"2025-07-09T18:17:44.173Z"}
{"level":"silly","message":{"data":{"pageId":0},"source":1},"module":"events","timestamp":"2025-07-09T18:17:44.173Z"}
{"level":"info","message":"Executed query (\n        SELECT *\n        FROM npwd_twitter_profiles\n        WHERE identifier = ?\n        LIMIT 1\n\t\t [\"V5JM8O39\"]) in 2.7558ms'","module":"DBInterface","timestamp":"2025-07-09T18:17:44.176Z"}
{"level":"warn","message":"Aborted fetching tweets for user V5JM8O39 because they do not have a profile.","module":"twitter","timestamp":"2025-07-09T18:17:44.176Z"}
{"level":"silly","message":"Response Promise Event npwd:fetchTweets:aead7559-da3f-457d-ad27-c266f24ca7d4 (3.9464ms), Data >>","module":"events","timestamp":"2025-07-09T18:17:44.177Z"}
{"level":"silly","message":{"data":[],"status":"ok"},"module":"events","timestamp":"2025-07-09T18:17:44.177Z"}
{"level":"silly","message":"netPromise > npwd:getOrCreateTwitterProfile > RequestObj","module":"events","timestamp":"2025-07-09T18:17:44.325Z"}
{"level":"silly","message":{"data":null,"source":1},"module":"events","timestamp":"2025-07-09T18:17:44.325Z"}
{"level":"silly","message":"netPromise > phone:getMyProfile > RequestObj","module":"events","timestamp":"2025-07-09T18:17:44.325Z"}
{"level":"silly","message":{"data":null,"source":1},"module":"events","timestamp":"2025-07-09T18:17:44.325Z"}
{"level":"silly","message":"netPromise > npwd:fetchMessageGroups > RequestObj","module":"events","timestamp":"2025-07-09T18:17:44.326Z"}
{"level":"silly","message":{"data":null,"source":1},"module":"events","timestamp":"2025-07-09T18:17:44.326Z"}
{"level":"silly","message":"netPromise > npwd-contact-getAll > RequestObj","module":"events","timestamp":"2025-07-09T18:17:44.327Z"}
{"level":"silly","message":{"data":null,"source":1},"module":"events","timestamp":"2025-07-09T18:17:44.327Z"}
{"level":"info","message":"Executed query (\n        SELECT *\n        FROM npwd_twitter_profiles\n        WHERE identifier = ?\n        LIMIT 1\n\t\t [\"V5JM8O39\"]) in 5.099ms'","module":"DBInterface","timestamp":"2025-07-09T18:17:44.330Z"}
{"level":"info","message":"Creating default Twitter profile Test_Test for V5JM8O39","module":"twitter","timestamp":"2025-07-09T18:17:44.331Z"}
{"level":"info","message":"Executed query (\n        SELECT *,\n               UNIX_TIMESTAMP(updatedAt) AS lastActive\n        FROM npwd_match_profiles\n        WHERE identifier = ?\n        LIMIT 1\n\t\t [\"V5JM8O39\"]) in 13.0897ms'","module":"DBInterface","timestamp":"2025-07-09T18:17:44.339Z"}
{"level":"info","message":"Creating default match profile Test Test for V5JM8O39","module":"match","timestamp":"2025-07-09T18:17:44.339Z"}
{"level":"info","message":"Executed query (SELECT npwd_messages_conversations.id,\n                          npwd_messages_conversations.conversation_list         as conversationList,\n                          npwd_messages_participants.unread_count               as unreadCount,\n                          npwd_messages_conversations.is_group_chat             as isGroupChat,\n                          npwd_messages_conversations.label,\n                          UNIX_TIMESTAMP(npwd_messages_conversations.updatedAt) as updatedAt,\n                          npwd_messages_participants.participant\n                   FROM npwd_messages_conversations\n                            INNER JOIN npwd_messages_participants\n                                       on npwd_messages_conversations.id = npwd_messages_participants.conversation_id\n                   WHERE npwd_messages_participants.participant = ? [\"1035838538\"]) in 13.2783ms'","module":"DBInterface","timestamp":"2025-07-09T18:17:44.340Z"}
{"level":"info","message":"Executed query (SELECT * FROM npwd_phone_contacts WHERE identifier = ? ORDER BY display ASC [\"V5JM8O39\"]) in 13.3421ms'","module":"DBInterface","timestamp":"2025-07-09T18:17:44.341Z"}
{"level":"info","message":"Executed query (\n        SELECT *\n        FROM npwd_twitter_profiles\n        WHERE identifier = ?\n        LIMIT 1\n\t\t [\"V5JM8O39\"]) in 4.1758ms'","module":"DBInterface","timestamp":"2025-07-09T18:17:44.342Z"}
{"level":"silly","message":"Response Promise Event npwd:fetchMessageGroups:1ac5db96-f464-4a4b-911d-7752e4bb3dcd (13.8122ms), Data >>","module":"events","timestamp":"2025-07-09T18:17:44.340Z"}
{"level":"silly","message":{"data":[],"status":"ok"},"module":"events","timestamp":"2025-07-09T18:17:44.340Z"}
{"level":"silly","message":"Response Promise Event npwd-contact-getAll:edfc0eab-0e46-48d2-a833-db108d2fc82f (13.8241ms), Data >>","module":"events","timestamp":"2025-07-09T18:17:44.341Z"}
{"level":"silly","message":{"data":[],"status":"ok"},"module":"events","timestamp":"2025-07-09T18:17:44.341Z"}
{"level":"silly","message":"Response Promise Event npwd:getOrCreateTwitterProfile:6cc7acd2-16da-47d5-91b7-6ec42c23a20b (17.4372ms), Data >>","module":"events","timestamp":"2025-07-09T18:17:44.342Z"}
{"level":"silly","message":{"data":{"avatar_url":"https://i.fivemanage.com/images/3ClWwmpwkFhL.png","createdAt":"2025-07-09T18:17:44.000Z","id":3,"identifier":"V5JM8O39","profile_name":"Test_Test","updatedAt":"2025-07-09T18:17:44.000Z"},"status":"ok"},"module":"events","timestamp":"2025-07-09T18:17:44.342Z"}
{"level":"info","message":"Executed query (\n        SELECT *,\n               UNIX_TIMESTAMP(updatedAt) AS lastActive\n        FROM npwd_match_profiles\n        WHERE identifier = ?\n        LIMIT 1\n\t\t [\"V5JM8O39\"]) in 0.8796ms'","module":"DBInterface","timestamp":"2025-07-09T18:17:44.345Z"}
{"level":"silly","message":"Response Promise Event phone:getMyProfile:aedf015c-d99a-4b36-b42d-86f511b68838 (20.266ms), Data >>","module":"events","timestamp":"2025-07-09T18:17:44.346Z"}
{"level":"silly","message":{"data":{"bio":"","createdAt":"2025-07-09T18:17:44.000Z","id":3,"identifier":"V5JM8O39","image":"https://upload.wikimedia.org/wikipedia/commons/a/ac/No_image_available.svg","job":"","lastActive":1752085064,"lastActiveFormatted":"Wed, 09 Jul 2025 18:17:44 GMT","location":"","name":"Test Test","tagList":[],"tags":"","updatedAt":"2025-07-09T18:17:44.000Z","viewed":false,"voiceMessage":null},"status":"ok"},"module":"events","timestamp":"2025-07-09T18:17:44.346Z"}
{"level":"info","message":"Executed query (SELECT id FROM npwd_marketplace_listings WHERE identifier = ? [\"V5JM8O39\"]) in 2.7281ms'","module":"DBInterface","timestamp":"2025-07-09T18:43:13.898Z"}
{"level":"info","message":"Executed query (DELETE FROM npwd_marketplace_listings WHERE identifier = ? AND reported = 0 [\"V5JM8O39\"]) in 1.0474ms'","module":"DBInterface","timestamp":"2025-07-09T18:43:13.899Z"}
{"level":"info","message":"Unloaded NPWD Player, source: (1)","module":"player","timestamp":"2025-07-09T18:43:13.899Z"}
{"level":"debug","message":"Marketplace service started","module":"marketplace","timestamp":"2025-07-13T12:38:59.206Z"}
{"level":"debug","message":"Call service started","module":"calls","timestamp":"2025-07-13T12:38:59.208Z"}
{"level":"debug","message":"Player Service started","module":"player","timestamp":"2025-07-13T12:38:59.208Z"}
{"level":"info","message":"Loading QBX bridge....","timestamp":"2025-07-13T12:38:59.209Z"}
{"level":"info","message":"QBX bridge initialized","timestamp":"2025-07-13T12:38:59.209Z"}
{"level":"debug","message":"Boot service started","module":"boot","timestamp":"2025-07-13T12:38:59.209Z"}
{"level":"debug","message":"Messages service started","module":"messages","timestamp":"2025-07-13T12:38:59.210Z"}
{"level":"debug","message":"Notes service started","module":"notes","timestamp":"2025-07-13T12:38:59.210Z"}
{"level":"debug","message":"Contacts service started","module":"contact","timestamp":"2025-07-13T12:38:59.210Z"}
{"level":"debug","message":"Photo service started","module":"photo","timestamp":"2025-07-13T12:38:59.227Z"}
{"level":"debug","message":"Twitter service started","module":"twitter","timestamp":"2025-07-13T12:38:59.228Z"}
{"level":"debug","message":"Match service started","module":"match","timestamp":"2025-07-13T12:38:59.229Z"}
{"level":"debug","message":"Beginning database schema validation","module":"boot","timestamp":"2025-07-13T12:39:03.700Z"}
{"level":"info","message":"Successfully started","timestamp":"2025-07-13T12:39:03.718Z"}
{"level":"info","message":"Executed query (SELECT COUNT(*) as count\n                       FROM information_schema.tables\n                       WHERE table_schema = ?\n                         AND table_name = ? [\"Qbox_6D580F\",\"players\"]) in 141.4722ms'","module":"DBInterface","timestamp":"2025-07-13T12:39:03.842Z"}
{"level":"info","message":"Executed query (SHOW COLUMNS IN players []) in 59.7063ms'","module":"DBInterface","timestamp":"2025-07-13T12:39:03.902Z"}
{"level":"debug","message":"Database schema successfully validated","module":"boot","timestamp":"2025-07-13T12:39:03.902Z"}
{"level":"info","message":"New NPWD Player added through event (1) (Q123LE4D)","module":"player","timestamp":"2025-07-13T12:46:11.060Z"}
{"level":"debug","message":{"_firstname":"Ewgaweg","_identifier":"Q123LE4D","_lastname":"Wegaweg","_phoneNumber":"6544603714","source":1,"username":"altun"},"module":"player","timestamp":"2025-07-13T12:46:11.061Z"}
{"level":"info","message":"New NPWD Player added through event (1) (Q123LE4D)","module":"player","timestamp":"2025-07-13T12:46:11.071Z"}
{"level":"debug","message":{"_firstname":"Ewgaweg","_identifier":"Q123LE4D","_lastname":"Wegaweg","_phoneNumber":"6544603714","source":1,"username":"altun"},"module":"player","timestamp":"2025-07-13T12:46:11.071Z"}
{"level":"silly","message":"netPromise > npwd:fetchTweets > RequestObj","module":"events","timestamp":"2025-07-13T12:46:11.108Z"}
{"level":"silly","message":{"data":{"pageId":0},"source":1},"module":"events","timestamp":"2025-07-13T12:46:11.109Z"}
{"level":"info","message":"Executed query (\n        SELECT *\n        FROM npwd_twitter_profiles\n        WHERE identifier = ?\n        LIMIT 1\n\t\t [\"Q123LE4D\"]) in 4.6554ms'","module":"DBInterface","timestamp":"2025-07-13T12:46:11.114Z"}
{"level":"warn","message":"Aborted fetching tweets for user Q123LE4D because they do not have a profile.","module":"twitter","timestamp":"2025-07-13T12:46:11.114Z"}
{"level":"silly","message":"Response Promise Event npwd:fetchTweets:180e20fe-e7d4-4fec-b567-a1e83a365b19 (6.3779ms), Data >>","module":"events","timestamp":"2025-07-13T12:46:11.115Z"}
{"level":"silly","message":{"data":[],"status":"ok"},"module":"events","timestamp":"2025-07-13T12:46:11.115Z"}
{"level":"silly","message":"netPromise > npwd:getOrCreateTwitterProfile > RequestObj","module":"events","timestamp":"2025-07-13T12:46:11.337Z"}
{"level":"silly","message":{"data":null,"source":1},"module":"events","timestamp":"2025-07-13T12:46:11.337Z"}
{"level":"silly","message":"netPromise > phone:getMyProfile > RequestObj","module":"events","timestamp":"2025-07-13T12:46:11.338Z"}
{"level":"silly","message":{"data":null,"source":1},"module":"events","timestamp":"2025-07-13T12:46:11.338Z"}
{"level":"silly","message":"netPromise > npwd:fetchMessageGroups > RequestObj","module":"events","timestamp":"2025-07-13T12:46:11.340Z"}
{"level":"silly","message":{"data":null,"source":1},"module":"events","timestamp":"2025-07-13T12:46:11.340Z"}
{"level":"silly","message":"netPromise > npwd-contact-getAll > RequestObj","module":"events","timestamp":"2025-07-13T12:46:11.341Z"}
{"level":"silly","message":{"data":null,"source":1},"module":"events","timestamp":"2025-07-13T12:46:11.341Z"}
{"level":"info","message":"Executed query (\n        SELECT *\n        FROM npwd_twitter_profiles\n        WHERE identifier = ?\n        LIMIT 1\n\t\t [\"Q123LE4D\"]) in 9.3835ms'","module":"DBInterface","timestamp":"2025-07-13T12:46:11.347Z"}
{"level":"info","message":"Creating default Twitter profile Ewgaweg_Wegaweg for Q123LE4D","module":"twitter","timestamp":"2025-07-13T12:46:11.348Z"}
{"level":"info","message":"Executed query (\n        SELECT *,\n               UNIX_TIMESTAMP(updatedAt) AS lastActive\n        FROM npwd_match_profiles\n        WHERE identifier = ?\n        LIMIT 1\n\t\t [\"Q123LE4D\"]) in 15.6233ms'","module":"DBInterface","timestamp":"2025-07-13T12:46:11.354Z"}
{"level":"info","message":"Creating default match profile Ewgaweg Wegaweg for Q123LE4D","module":"match","timestamp":"2025-07-13T12:46:11.354Z"}
{"level":"info","message":"Executed query (\n        SELECT *\n        FROM npwd_twitter_profiles\n        WHERE identifier = ?\n        LIMIT 1\n\t\t [\"Q123LE4D\"]) in 3.1029ms'","module":"DBInterface","timestamp":"2025-07-13T12:46:11.355Z"}
{"level":"info","message":"Executed query (SELECT * FROM npwd_phone_contacts WHERE identifier = ? ORDER BY display ASC [\"Q123LE4D\"]) in 15.2882ms'","module":"DBInterface","timestamp":"2025-07-13T12:46:11.356Z"}
{"level":"silly","message":"Response Promise Event npwd:getOrCreateTwitterProfile:8a3f4f86-02a6-48a3-bd47-670e67043176 (18.82ms), Data >>","module":"events","timestamp":"2025-07-13T12:46:11.356Z"}
{"level":"silly","message":{"data":{"avatar_url":"https://i.fivemanage.com/images/3ClWwmpwkFhL.png","createdAt":"2025-07-13T12:46:11.000Z","id":4,"identifier":"Q123LE4D","profile_name":"Ewgaweg_Wegaweg","updatedAt":"2025-07-13T12:46:11.000Z"},"status":"ok"},"module":"events","timestamp":"2025-07-13T12:46:11.356Z"}
{"level":"silly","message":"Response Promise Event npwd-contact-getAll:bd8cd974-9e11-47a8-8d03-abf9b82b7d18 (15.8437ms), Data >>","module":"events","timestamp":"2025-07-13T12:46:11.357Z"}
{"level":"silly","message":{"data":[],"status":"ok"},"module":"events","timestamp":"2025-07-13T12:46:11.357Z"}
{"level":"info","message":"Executed query (SELECT npwd_messages_conversations.id,\n                          npwd_messages_conversations.conversation_list         as conversationList,\n                          npwd_messages_participants.unread_count               as unreadCount,\n                          npwd_messages_conversations.is_group_chat             as isGroupChat,\n                          npwd_messages_conversations.label,\n                          UNIX_TIMESTAMP(npwd_messages_conversations.updatedAt) as updatedAt,\n                          npwd_messages_participants.participant\n                   FROM npwd_messages_conversations\n                            INNER JOIN npwd_messages_participants\n                                       on npwd_messages_conversations.id = npwd_messages_participants.conversation_id\n                   WHERE npwd_messages_participants.participant = ? [\"6544603714\"]) in 19.3498ms'","module":"DBInterface","timestamp":"2025-07-13T12:46:11.359Z"}
{"level":"silly","message":"Response Promise Event npwd:fetchMessageGroups:4de5d74f-8085-4503-aa2f-03d10e1eb7da (20.0313ms), Data >>","module":"events","timestamp":"2025-07-13T12:46:11.360Z"}
{"level":"info","message":"Executed query (\n        SELECT *,\n               UNIX_TIMESTAMP(updatedAt) AS lastActive\n        FROM npwd_match_profiles\n        WHERE identifier = ?\n        LIMIT 1\n\t\t [\"Q123LE4D\"]) in 3.2579ms'","module":"DBInterface","timestamp":"2025-07-13T12:46:11.361Z"}
{"level":"silly","message":{"data":[],"status":"ok"},"module":"events","timestamp":"2025-07-13T12:46:11.360Z"}
{"level":"silly","message":"Response Promise Event phone:getMyProfile:ccf01116-7cf0-4130-8a53-e855621a047e (25.0189ms), Data >>","module":"events","timestamp":"2025-07-13T12:46:11.363Z"}
{"level":"silly","message":{"data":{"bio":"","createdAt":"2025-07-13T12:46:11.000Z","id":4,"identifier":"Q123LE4D","image":"https://upload.wikimedia.org/wikipedia/commons/a/ac/No_image_available.svg","job":"","lastActive":1752410771,"lastActiveFormatted":"Sun, 13 Jul 2025 12:46:11 GMT","location":"","name":"Ewgaweg Wegaweg","tagList":[],"tags":"","updatedAt":"2025-07-13T12:46:11.000Z","viewed":false,"voiceMessage":null},"status":"ok"},"module":"events","timestamp":"2025-07-13T12:46:11.363Z"}
{"level":"info","message":"Executed query (SELECT id FROM npwd_marketplace_listings WHERE identifier = ? [\"Q123LE4D\"]) in 4.0735ms'","module":"DBInterface","timestamp":"2025-07-13T12:46:41.799Z"}
{"level":"info","message":"Executed query (DELETE FROM npwd_marketplace_listings WHERE identifier = ? AND reported = 0 [\"Q123LE4D\"]) in 1.0007ms'","module":"DBInterface","timestamp":"2025-07-13T12:46:41.800Z"}
{"level":"info","message":"Unloaded NPWD Player, source: (1)","module":"player","timestamp":"2025-07-13T12:46:41.800Z"}
{"level":"debug","message":"Marketplace service started","module":"marketplace","timestamp":"2025-07-13T13:00:12.780Z"}
{"level":"debug","message":"Call service started","module":"calls","timestamp":"2025-07-13T13:00:12.782Z"}
{"level":"debug","message":"Player Service started","module":"player","timestamp":"2025-07-13T13:00:12.782Z"}
{"level":"info","message":"Loading QBX bridge....","timestamp":"2025-07-13T13:00:12.783Z"}
{"level":"info","message":"QBX bridge initialized","timestamp":"2025-07-13T13:00:12.783Z"}
{"level":"debug","message":"Boot service started","module":"boot","timestamp":"2025-07-13T13:00:12.783Z"}
{"level":"debug","message":"Messages service started","module":"messages","timestamp":"2025-07-13T13:00:12.783Z"}
{"level":"debug","message":"Notes service started","module":"notes","timestamp":"2025-07-13T13:00:12.784Z"}
{"level":"debug","message":"Contacts service started","module":"contact","timestamp":"2025-07-13T13:00:12.784Z"}
{"level":"debug","message":"Photo service started","module":"photo","timestamp":"2025-07-13T13:00:12.796Z"}
{"level":"debug","message":"Twitter service started","module":"twitter","timestamp":"2025-07-13T13:00:12.796Z"}
{"level":"debug","message":"Match service started","module":"match","timestamp":"2025-07-13T13:00:12.797Z"}
{"level":"debug","message":"Beginning database schema validation","module":"boot","timestamp":"2025-07-13T13:00:14.724Z"}
{"level":"info","message":"Successfully started","timestamp":"2025-07-13T13:00:14.741Z"}
{"level":"info","message":"Executed query (SELECT COUNT(*) as count\n                       FROM information_schema.tables\n                       WHERE table_schema = ?\n                         AND table_name = ? [\"Qbox_6D580F\",\"players\"]) in 90.5562ms'","module":"DBInterface","timestamp":"2025-07-13T13:00:14.816Z"}
{"level":"info","message":"Executed query (SHOW COLUMNS IN players []) in 20.9199ms'","module":"DBInterface","timestamp":"2025-07-13T13:00:14.837Z"}
{"level":"debug","message":"Database schema successfully validated","module":"boot","timestamp":"2025-07-13T13:00:14.837Z"}
{"level":"info","message":"New NPWD Player added through event (1) (ZSL3E5OK)","module":"player","timestamp":"2025-07-13T13:04:57.031Z"}
{"level":"debug","message":{"_firstname":"Harun","_identifier":"ZSL3E5OK","_lastname":"Akar","_phoneNumber":"5014197070","source":1,"username":"altun"},"module":"player","timestamp":"2025-07-13T13:04:57.031Z"}
{"level":"info","message":"New NPWD Player added through event (1) (ZSL3E5OK)","module":"player","timestamp":"2025-07-13T13:04:57.038Z"}
{"level":"debug","message":{"_firstname":"Harun","_identifier":"ZSL3E5OK","_lastname":"Akar","_phoneNumber":"5014197070","source":1,"username":"altun"},"module":"player","timestamp":"2025-07-13T13:04:57.039Z"}
{"level":"silly","message":"netPromise > npwd:fetchTweets > RequestObj","module":"events","timestamp":"2025-07-13T13:04:57.129Z"}
{"level":"silly","message":{"data":{"pageId":0},"source":1},"module":"events","timestamp":"2025-07-13T13:04:57.129Z"}
{"level":"info","message":"Executed query (\n        SELECT *\n        FROM npwd_twitter_profiles\n        WHERE identifier = ?\n        LIMIT 1\n\t\t [\"ZSL3E5OK\"]) in 2.8919ms'","module":"DBInterface","timestamp":"2025-07-13T13:04:57.133Z"}
{"level":"warn","message":"Aborted fetching tweets for user ZSL3E5OK because they do not have a profile.","module":"twitter","timestamp":"2025-07-13T13:04:57.133Z"}
{"level":"silly","message":"Response Promise Event npwd:fetchTweets:6370351b-90e5-4088-8add-ee2a1d278f60 (4.2076ms), Data >>","module":"events","timestamp":"2025-07-13T13:04:57.133Z"}
{"level":"silly","message":{"data":[],"status":"ok"},"module":"events","timestamp":"2025-07-13T13:04:57.133Z"}
{"level":"silly","message":"netPromise > npwd:getOrCreateTwitterProfile > RequestObj","module":"events","timestamp":"2025-07-13T13:04:57.283Z"}
{"level":"silly","message":{"data":null,"source":1},"module":"events","timestamp":"2025-07-13T13:04:57.283Z"}
{"level":"silly","message":"netPromise > phone:getMyProfile > RequestObj","module":"events","timestamp":"2025-07-13T13:04:57.284Z"}
{"level":"silly","message":{"data":null,"source":1},"module":"events","timestamp":"2025-07-13T13:04:57.284Z"}
{"level":"silly","message":"netPromise > npwd:fetchMessageGroups > RequestObj","module":"events","timestamp":"2025-07-13T13:04:57.286Z"}
{"level":"silly","message":{"data":null,"source":1},"module":"events","timestamp":"2025-07-13T13:04:57.286Z"}
{"level":"silly","message":"netPromise > npwd-contact-getAll > RequestObj","module":"events","timestamp":"2025-07-13T13:04:57.287Z"}
{"level":"silly","message":{"data":null,"source":1},"module":"events","timestamp":"2025-07-13T13:04:57.287Z"}
{"level":"info","message":"Executed query (\n        SELECT *\n        FROM npwd_twitter_profiles\n        WHERE identifier = ?\n        LIMIT 1\n\t\t [\"ZSL3E5OK\"]) in 6.0217ms'","module":"DBInterface","timestamp":"2025-07-13T13:04:57.290Z"}
{"level":"info","message":"Creating default Twitter profile Harun_Akar for ZSL3E5OK","module":"twitter","timestamp":"2025-07-13T13:04:57.290Z"}
{"level":"info","message":"Executed query (\n        SELECT *,\n               UNIX_TIMESTAMP(updatedAt) AS lastActive\n        FROM npwd_match_profiles\n        WHERE identifier = ?\n        LIMIT 1\n\t\t [\"ZSL3E5OK\"]) in 14.2452ms'","module":"DBInterface","timestamp":"2025-07-13T13:04:57.299Z"}
{"level":"info","message":"Creating default match profile Harun Akar for ZSL3E5OK","module":"match","timestamp":"2025-07-13T13:04:57.299Z"}
{"level":"info","message":"Executed query (\n        SELECT *\n        FROM npwd_twitter_profiles\n        WHERE identifier = ?\n        LIMIT 1\n\t\t [\"ZSL3E5OK\"]) in 3.4487ms'","module":"DBInterface","timestamp":"2025-07-13T13:04:57.300Z"}
{"level":"info","message":"Executed query (SELECT npwd_messages_conversations.id,\n                          npwd_messages_conversations.conversation_list         as conversationList,\n                          npwd_messages_participants.unread_count               as unreadCount,\n                          npwd_messages_conversations.is_group_chat             as isGroupChat,\n                          npwd_messages_conversations.label,\n                          UNIX_TIMESTAMP(npwd_messages_conversations.updatedAt) as updatedAt,\n                          npwd_messages_participants.participant\n                   FROM npwd_messages_conversations\n                            INNER JOIN npwd_messages_participants\n                                       on npwd_messages_conversations.id = npwd_messages_participants.conversation_id\n                   WHERE npwd_messages_participants.participant = ? [\"5014197070\"]) in 15.0557ms'","module":"DBInterface","timestamp":"2025-07-13T13:04:57.301Z"}
{"level":"silly","message":"Response Promise Event npwd:getOrCreateTwitterProfile:b09366e5-ac22-4285-90a6-d57fa013a580 (17.2177ms), Data >>","module":"events","timestamp":"2025-07-13T13:04:57.301Z"}
{"level":"info","message":"Executed query (SELECT * FROM npwd_phone_contacts WHERE identifier = ? ORDER BY display ASC [\"ZSL3E5OK\"]) in 14.9644ms'","module":"DBInterface","timestamp":"2025-07-13T13:04:57.302Z"}
{"level":"silly","message":{"data":{"avatar_url":"https://i.fivemanage.com/images/3ClWwmpwkFhL.png","createdAt":"2025-07-13T13:04:57.000Z","id":5,"identifier":"ZSL3E5OK","profile_name":"Harun_Akar","updatedAt":"2025-07-13T13:04:57.000Z"},"status":"ok"},"module":"events","timestamp":"2025-07-13T13:04:57.301Z"}
{"level":"silly","message":"Response Promise Event npwd:fetchMessageGroups:acbbfea5-403d-42c4-9bcb-1c3d355f8519 (15.7114ms), Data >>","module":"events","timestamp":"2025-07-13T13:04:57.302Z"}
{"level":"silly","message":{"data":[],"status":"ok"},"module":"events","timestamp":"2025-07-13T13:04:57.302Z"}
{"level":"silly","message":"Response Promise Event npwd-contact-getAll:bda72ab2-0639-4a6c-bb7e-5a052e565267 (15.4286ms), Data >>","module":"events","timestamp":"2025-07-13T13:04:57.302Z"}
{"level":"silly","message":{"data":[],"status":"ok"},"module":"events","timestamp":"2025-07-13T13:04:57.302Z"}
{"level":"info","message":"Executed query (\n        SELECT *,\n               UNIX_TIMESTAMP(updatedAt) AS lastActive\n        FROM npwd_match_profiles\n        WHERE identifier = ?\n        LIMIT 1\n\t\t [\"ZSL3E5OK\"]) in 0.8698ms'","module":"DBInterface","timestamp":"2025-07-13T13:04:57.305Z"}
{"level":"silly","message":"Response Promise Event phone:getMyProfile:ed95b39d-e555-460c-8ef6-5c7bbf1c3b16 (21.7284ms), Data >>","module":"events","timestamp":"2025-07-13T13:04:57.306Z"}
{"level":"silly","message":{"data":{"bio":"","createdAt":"2025-07-13T13:04:57.000Z","id":5,"identifier":"ZSL3E5OK","image":"https://upload.wikimedia.org/wikipedia/commons/a/ac/No_image_available.svg","job":"","lastActive":1752411897,"lastActiveFormatted":"Sun, 13 Jul 2025 13:04:57 GMT","location":"","name":"Harun Akar","tagList":[],"tags":"","updatedAt":"2025-07-13T13:04:57.000Z","viewed":false,"voiceMessage":null},"status":"ok"},"module":"events","timestamp":"2025-07-13T13:04:57.306Z"}
{"level":"info","message":"Executed query (SELECT id FROM npwd_marketplace_listings WHERE identifier = ? [\"ZSL3E5OK\"]) in 2.1008ms'","module":"DBInterface","timestamp":"2025-07-13T13:05:24.471Z"}
{"level":"info","message":"Executed query (DELETE FROM npwd_marketplace_listings WHERE identifier = ? AND reported = 0 [\"ZSL3E5OK\"]) in 0.8774ms'","module":"DBInterface","timestamp":"2025-07-13T13:05:24.473Z"}
{"level":"info","message":"Unloaded NPWD Player, source: (1)","module":"player","timestamp":"2025-07-13T13:05:24.473Z"}
{"level":"info","message":"New NPWD Player added through event (2) (ZSL3E5OK)","module":"player","timestamp":"2025-07-13T13:06:44.363Z"}
{"level":"debug","message":{"_firstname":"Harun","_identifier":"ZSL3E5OK","_lastname":"Akar","_phoneNumber":"5014197070","source":2,"username":"altun"},"module":"player","timestamp":"2025-07-13T13:06:44.363Z"}
{"level":"info","message":"New NPWD Player added through event (2) (ZSL3E5OK)","module":"player","timestamp":"2025-07-13T13:06:44.368Z"}
{"level":"debug","message":{"_firstname":"Harun","_identifier":"ZSL3E5OK","_lastname":"Akar","_phoneNumber":"5014197070","source":2,"username":"altun"},"module":"player","timestamp":"2025-07-13T13:06:44.368Z"}
{"level":"silly","message":"netPromise > npwd:fetchTweets > RequestObj","module":"events","timestamp":"2025-07-13T13:06:44.464Z"}
{"level":"silly","message":{"data":{"pageId":0},"source":2},"module":"events","timestamp":"2025-07-13T13:06:44.464Z"}
{"level":"info","message":"Executed query (\n        SELECT *\n        FROM npwd_twitter_profiles\n        WHERE identifier = ?\n        LIMIT 1\n\t\t [\"ZSL3E5OK\"]) in 3.0221ms'","module":"DBInterface","timestamp":"2025-07-13T13:06:44.467Z"}
{"level":"info","message":"Executed query (\n        SELECT \n  npwd_twitter_tweets.id,\n  npwd_twitter_tweets.identifier,\n  npwd_twitter_profiles.id AS profile_id,\n  npwd_twitter_profiles.profile_name,\n  npwd_twitter_profiles.avatar_url,\n  npwd_twitter_tweets.likes,\n  npwd_twitter_tweets.visible,\n  IFNULL(COALESCE(retweets.message, npwd_twitter_tweets.message), '') AS message,\n  IFNULL(COALESCE(retweets.images, npwd_twitter_tweets.images), '') AS images,\n  npwd_twitter_tweets.retweet IS NOT NULL AS isRetweet,\n  retweets.id AS retweetId,\n  retweets_profiles.profile_name AS retweetProfileName,\n  retweets_profiles.avatar_url AS retweetAvatarUrl,\n  npwd_twitter_likes.id IS NOT NULL AS isLiked,\n  npwd_twitter_reports.id IS NOT NULL AS isReported,\n  npwd_twitter_tweets.createdAt,\n  npwd_twitter_tweets.updatedAt,\n  TIME_TO_SEC(TIMEDIFF( NOW(), npwd_twitter_tweets.createdAt)) AS seconds_since_tweet\n\n        FROM npwd_twitter_tweets\n                 LEFT OUTER JOIN npwd_twitter_profiles\n                                 ON npwd_twitter_tweets.identifier = npwd_twitter_profiles.identifier\n                 LEFT OUTER JOIN npwd_twitter_likes ON npwd_twitter_tweets.id = npwd_twitter_likes.tweet_id AND\n                                                       npwd_twitter_likes.profile_id = ?\n                 LEFT OUTER JOIN npwd_twitter_reports ON npwd_twitter_tweets.id = npwd_twitter_reports.tweet_id AND\n                                                         npwd_twitter_reports.profile_id = ?\n                 LEFT OUTER JOIN npwd_twitter_tweets AS retweets ON retweets.id = npwd_twitter_tweets.retweet\n                 LEFT OUTER JOIN npwd_twitter_profiles AS retweets_profiles\n                                 ON retweets.identifier = retweets_profiles.identifier\n        WHERE npwd_twitter_tweets.visible = 1\n        ORDER BY id DESC\n        LIMIT ? OFFSET ?\n\t\t [5,5,\"25\",\"0\"]) in 16.6881ms'","module":"DBInterface","timestamp":"2025-07-13T13:06:44.484Z"}
{"level":"silly","message":"Response Promise Event npwd:fetchTweets:766eb265-79b6-4008-897a-798ebf976e4a (20.738ms), Data >>","module":"events","timestamp":"2025-07-13T13:06:44.485Z"}
{"level":"silly","message":{"data":[],"status":"ok"},"module":"events","timestamp":"2025-07-13T13:06:44.485Z"}
{"level":"silly","message":"netPromise > npwd:getOrCreateTwitterProfile > RequestObj","module":"events","timestamp":"2025-07-13T13:06:44.665Z"}
{"level":"silly","message":{"data":null,"source":2},"module":"events","timestamp":"2025-07-13T13:06:44.665Z"}
{"level":"silly","message":"netPromise > phone:getMyProfile > RequestObj","module":"events","timestamp":"2025-07-13T13:06:44.665Z"}
{"level":"silly","message":{"data":null,"source":2},"module":"events","timestamp":"2025-07-13T13:06:44.665Z"}
{"level":"silly","message":"netPromise > npwd:fetchMessageGroups > RequestObj","module":"events","timestamp":"2025-07-13T13:06:44.666Z"}
{"level":"silly","message":{"data":null,"source":2},"module":"events","timestamp":"2025-07-13T13:06:44.666Z"}
{"level":"silly","message":"netPromise > npwd-contact-getAll > RequestObj","module":"events","timestamp":"2025-07-13T13:06:44.666Z"}
{"level":"silly","message":{"data":null,"source":2},"module":"events","timestamp":"2025-07-13T13:06:44.666Z"}
{"level":"info","message":"Executed query (\n        SELECT *\n        FROM npwd_twitter_profiles\n        WHERE identifier = ?\n        LIMIT 1\n\t\t [\"ZSL3E5OK\"]) in 3.2667ms'","module":"DBInterface","timestamp":"2025-07-13T13:06:44.668Z"}
{"level":"silly","message":"Response Promise Event npwd:getOrCreateTwitterProfile:4071c14c-a00d-4374-908b-9bfc9cc6e7ec (4.0028ms), Data >>","module":"events","timestamp":"2025-07-13T13:06:44.669Z"}
{"level":"silly","message":{"data":{"avatar_url":"https://i.fivemanage.com/images/3ClWwmpwkFhL.png","createdAt":"2025-07-13T13:04:57.000Z","id":5,"identifier":"ZSL3E5OK","profile_name":"Harun_Akar","updatedAt":"2025-07-13T13:04:57.000Z"},"status":"ok"},"module":"events","timestamp":"2025-07-13T13:06:44.669Z"}
{"level":"silly","message":"Response Promise Event npwd:fetchMessageGroups:1ac55e70-d272-4591-a3ce-1d41d8a7a14f (5.2025ms), Data >>","module":"events","timestamp":"2025-07-13T13:06:44.671Z"}
{"level":"silly","message":{"data":[],"status":"ok"},"module":"events","timestamp":"2025-07-13T13:06:44.671Z"}
{"level":"info","message":"Executed query (SELECT npwd_messages_conversations.id,\n                          npwd_messages_conversations.conversation_list         as conversationList,\n                          npwd_messages_participants.unread_count               as unreadCount,\n                          npwd_messages_conversations.is_group_chat             as isGroupChat,\n                          npwd_messages_conversations.label,\n                          UNIX_TIMESTAMP(npwd_messages_conversations.updatedAt) as updatedAt,\n                          npwd_messages_participants.participant\n                   FROM npwd_messages_conversations\n                            INNER JOIN npwd_messages_participants\n                                       on npwd_messages_conversations.id = npwd_messages_participants.conversation_id\n                   WHERE npwd_messages_participants.participant = ? [\"5014197070\"]) in 4.7211ms'","module":"DBInterface","timestamp":"2025-07-13T13:06:44.671Z"}
{"level":"silly","message":"Response Promise Event phone:getMyProfile:e49479bd-06d8-4685-9e13-86400805acee (6.8713ms), Data >>","module":"events","timestamp":"2025-07-13T13:06:44.672Z"}
{"level":"silly","message":{"data":{"bio":"","createdAt":"2025-07-13T13:04:57.000Z","id":5,"identifier":"ZSL3E5OK","image":"https://upload.wikimedia.org/wikipedia/commons/a/ac/No_image_available.svg","job":"","lastActive":1752411897,"lastActiveFormatted":"Sun, 13 Jul 2025 13:04:57 GMT","location":"","name":"Harun Akar","tagList":[],"tags":"","updatedAt":"2025-07-13T13:04:57.000Z","viewed":false,"voiceMessage":null},"status":"ok"},"module":"events","timestamp":"2025-07-13T13:06:44.672Z"}
{"level":"info","message":"Executed query (\n        SELECT *,\n               UNIX_TIMESTAMP(updatedAt) AS lastActive\n        FROM npwd_match_profiles\n        WHERE identifier = ?\n        LIMIT 1\n\t\t [\"ZSL3E5OK\"]) in 6.3613ms'","module":"DBInterface","timestamp":"2025-07-13T13:06:44.672Z"}
{"level":"silly","message":"Response Promise Event npwd-contact-getAll:12cbbef0-b0ef-4ce8-b741-b4c22f27733e (7.0175ms), Data >>","module":"events","timestamp":"2025-07-13T13:06:44.673Z"}
{"level":"silly","message":{"data":[],"status":"ok"},"module":"events","timestamp":"2025-07-13T13:06:44.673Z"}
{"level":"info","message":"Executed query (SELECT * FROM npwd_phone_contacts WHERE identifier = ? ORDER BY display ASC [\"ZSL3E5OK\"]) in 6.424ms'","module":"DBInterface","timestamp":"2025-07-13T13:06:44.673Z"}
{"level":"info","message":"Executed query (SELECT id FROM npwd_marketplace_listings WHERE identifier = ? [\"ZSL3E5OK\"]) in 2.4835ms'","module":"DBInterface","timestamp":"2025-07-13T13:17:35.527Z"}
{"level":"info","message":"Executed query (DELETE FROM npwd_marketplace_listings WHERE identifier = ? AND reported = 0 [\"ZSL3E5OK\"]) in 0.8402ms'","module":"DBInterface","timestamp":"2025-07-13T13:17:35.528Z"}
{"level":"info","message":"Unloaded NPWD Player, source: (2)","module":"player","timestamp":"2025-07-13T13:17:35.528Z"}
{"level":"debug","message":"Marketplace service started","module":"marketplace","timestamp":"2025-07-13T13:28:21.609Z"}
{"level":"debug","message":"Call service started","module":"calls","timestamp":"2025-07-13T13:28:21.611Z"}
{"level":"debug","message":"Player Service started","module":"player","timestamp":"2025-07-13T13:28:21.612Z"}
{"level":"info","message":"Loading QBX bridge....","timestamp":"2025-07-13T13:28:21.612Z"}
{"level":"info","message":"QBX bridge initialized","timestamp":"2025-07-13T13:28:21.612Z"}
{"level":"debug","message":"Boot service started","module":"boot","timestamp":"2025-07-13T13:28:21.613Z"}
{"level":"debug","message":"Messages service started","module":"messages","timestamp":"2025-07-13T13:28:21.613Z"}
{"level":"debug","message":"Notes service started","module":"notes","timestamp":"2025-07-13T13:28:21.613Z"}
{"level":"debug","message":"Contacts service started","module":"contact","timestamp":"2025-07-13T13:28:21.613Z"}
{"level":"debug","message":"Photo service started","module":"photo","timestamp":"2025-07-13T13:28:21.629Z"}
{"level":"debug","message":"Twitter service started","module":"twitter","timestamp":"2025-07-13T13:28:21.629Z"}
{"level":"debug","message":"Match service started","module":"match","timestamp":"2025-07-13T13:28:21.630Z"}
{"level":"debug","message":"Beginning database schema validation","module":"boot","timestamp":"2025-07-13T13:28:22.225Z"}
{"level":"info","message":"Successfully started","timestamp":"2025-07-13T13:28:22.244Z"}
{"level":"info","message":"Executed query (SELECT COUNT(*) as count\n                       FROM information_schema.tables\n                       WHERE table_schema = ?\n                         AND table_name = ? [\"Qbox_6D580F\",\"players\"]) in 112.9648ms'","module":"DBInterface","timestamp":"2025-07-13T13:28:22.338Z"}
{"level":"info","message":"Executed query (SHOW COLUMNS IN players []) in 35.1107ms'","module":"DBInterface","timestamp":"2025-07-13T13:28:22.374Z"}
{"level":"debug","message":"Database schema successfully validated","module":"boot","timestamp":"2025-07-13T13:28:22.374Z"}
{"level":"info","message":"New NPWD Player added through event (1) (NWG540HH)","module":"player","timestamp":"2025-07-13T13:31:58.168Z"}
{"level":"debug","message":{"_firstname":"Ehehr","_identifier":"NWG540HH","_lastname":"Wearhwefrwa","_phoneNumber":"2065375426","source":1,"username":"MrAliFurkan"},"module":"player","timestamp":"2025-07-13T13:31:58.169Z"}
{"level":"info","message":"New NPWD Player added through event (1) (NWG540HH)","module":"player","timestamp":"2025-07-13T13:31:58.175Z"}
{"level":"debug","message":{"_firstname":"Ehehr","_identifier":"NWG540HH","_lastname":"Wearhwefrwa","_phoneNumber":"2065375426","source":1,"username":"MrAliFurkan"},"module":"player","timestamp":"2025-07-13T13:31:58.175Z"}
{"level":"silly","message":"netPromise > npwd:fetchTweets > RequestObj","module":"events","timestamp":"2025-07-13T13:31:58.316Z"}
{"level":"silly","message":{"data":{"pageId":0},"source":1},"module":"events","timestamp":"2025-07-13T13:31:58.316Z"}
{"level":"info","message":"Executed query (\n        SELECT *\n        FROM npwd_twitter_profiles\n        WHERE identifier = ?\n        LIMIT 1\n\t\t [\"NWG540HH\"]) in 5.6555ms'","module":"DBInterface","timestamp":"2025-07-13T13:31:58.323Z"}
{"level":"warn","message":"Aborted fetching tweets for user NWG540HH because they do not have a profile.","module":"twitter","timestamp":"2025-07-13T13:31:58.323Z"}
{"level":"silly","message":"Response Promise Event npwd:fetchTweets:62043f63-7353-44ae-99c7-803e82822623 (7.1522ms), Data >>","module":"events","timestamp":"2025-07-13T13:31:58.323Z"}
{"level":"silly","message":{"data":[],"status":"ok"},"module":"events","timestamp":"2025-07-13T13:31:58.323Z"}
{"level":"silly","message":"netPromise > npwd:getOrCreateTwitterProfile > RequestObj","module":"events","timestamp":"2025-07-13T13:31:58.516Z"}
{"level":"silly","message":{"data":null,"source":1},"module":"events","timestamp":"2025-07-13T13:31:58.517Z"}
{"level":"silly","message":"netPromise > phone:getMyProfile > RequestObj","module":"events","timestamp":"2025-07-13T13:31:58.517Z"}
{"level":"silly","message":{"data":null,"source":1},"module":"events","timestamp":"2025-07-13T13:31:58.517Z"}
{"level":"silly","message":"netPromise > npwd:fetchMessageGroups > RequestObj","module":"events","timestamp":"2025-07-13T13:31:58.518Z"}
{"level":"silly","message":{"data":null,"source":1},"module":"events","timestamp":"2025-07-13T13:31:58.518Z"}
{"level":"silly","message":"netPromise > npwd-contact-getAll > RequestObj","module":"events","timestamp":"2025-07-13T13:31:58.520Z"}
{"level":"silly","message":{"data":null,"source":1},"module":"events","timestamp":"2025-07-13T13:31:58.520Z"}
{"level":"info","message":"Executed query (\n        SELECT *\n        FROM npwd_twitter_profiles\n        WHERE identifier = ?\n        LIMIT 1\n\t\t [\"NWG540HH\"]) in 5.9717ms'","module":"DBInterface","timestamp":"2025-07-13T13:31:58.523Z"}
{"level":"info","message":"Creating default Twitter profile Ehehr_Wearhwefrwa for NWG540HH","module":"twitter","timestamp":"2025-07-13T13:31:58.523Z"}
{"level":"info","message":"Executed query (SELECT * FROM npwd_phone_contacts WHERE identifier = ? ORDER BY display ASC [\"NWG540HH\"]) in 15.4354ms'","module":"DBInterface","timestamp":"2025-07-13T13:31:58.536Z"}
{"level":"silly","message":"Response Promise Event npwd-contact-getAll:94a59246-50d3-422c-bcf4-da0c641b1924 (16.101ms), Data >>","module":"events","timestamp":"2025-07-13T13:31:58.536Z"}
{"level":"info","message":"Executed query (\n        SELECT *,\n               UNIX_TIMESTAMP(updatedAt) AS lastActive\n        FROM npwd_match_profiles\n        WHERE identifier = ?\n        LIMIT 1\n\t\t [\"NWG540HH\"]) in 21.4525ms'","module":"DBInterface","timestamp":"2025-07-13T13:31:58.539Z"}
{"level":"silly","message":{"data":[],"status":"ok"},"module":"events","timestamp":"2025-07-13T13:31:58.536Z"}
{"level":"info","message":"Creating default match profile Ehehr Wearhwefrwa for NWG540HH","module":"match","timestamp":"2025-07-13T13:31:58.539Z"}
{"level":"info","message":"Executed query (SELECT npwd_messages_conversations.id,\n                          npwd_messages_conversations.conversation_list         as conversationList,\n                          npwd_messages_participants.unread_count               as unreadCount,\n                          npwd_messages_conversations.is_group_chat             as isGroupChat,\n                          npwd_messages_conversations.label,\n                          UNIX_TIMESTAMP(npwd_messages_conversations.updatedAt) as updatedAt,\n                          npwd_messages_participants.participant\n                   FROM npwd_messages_conversations\n                            INNER JOIN npwd_messages_participants\n                                       on npwd_messages_conversations.id = npwd_messages_participants.conversation_id\n                   WHERE npwd_messages_participants.participant = ? [\"2065375426\"]) in 21.5665ms'","module":"DBInterface","timestamp":"2025-07-13T13:31:58.540Z"}
{"level":"info","message":"Executed query (\n        SELECT *\n        FROM npwd_twitter_profiles\n        WHERE identifier = ?\n        LIMIT 1\n\t\t [\"NWG540HH\"]) in 3.8639ms'","module":"DBInterface","timestamp":"2025-07-13T13:31:58.541Z"}
{"level":"silly","message":"Response Promise Event npwd:fetchMessageGroups:f54de659-6a7b-40c8-ab4e-4f018b9b8b0f (22.1097ms), Data >>","module":"events","timestamp":"2025-07-13T13:31:58.540Z"}
{"level":"silly","message":{"data":[],"status":"ok"},"module":"events","timestamp":"2025-07-13T13:31:58.540Z"}
{"level":"silly","message":"Response Promise Event npwd:getOrCreateTwitterProfile:27deca5a-09e0-47d4-ab1d-3cc1335b24f9 (24.9912ms), Data >>","module":"events","timestamp":"2025-07-13T13:31:58.541Z"}
{"level":"silly","message":{"data":{"avatar_url":"https://i.fivemanage.com/images/3ClWwmpwkFhL.png","createdAt":"2025-07-13T13:31:58.000Z","id":6,"identifier":"NWG540HH","profile_name":"Ehehr_Wearhwefrwa","updatedAt":"2025-07-13T13:31:58.000Z"},"status":"ok"},"module":"events","timestamp":"2025-07-13T13:31:58.542Z"}
{"level":"info","message":"Executed query (\n        SELECT *,\n               UNIX_TIMESTAMP(updatedAt) AS lastActive\n        FROM npwd_match_profiles\n        WHERE identifier = ?\n        LIMIT 1\n\t\t [\"NWG540HH\"]) in 3.5086ms'","module":"DBInterface","timestamp":"2025-07-13T13:31:58.548Z"}
{"level":"silly","message":"Response Promise Event phone:getMyProfile:406ade10-eeb1-4279-ab25-b6ccc66bee78 (31.9738ms), Data >>","module":"events","timestamp":"2025-07-13T13:31:58.549Z"}
{"level":"silly","message":{"data":{"bio":"","createdAt":"2025-07-13T13:31:58.000Z","id":6,"identifier":"NWG540HH","image":"https://upload.wikimedia.org/wikipedia/commons/a/ac/No_image_available.svg","job":"","lastActive":1752413518,"lastActiveFormatted":"Sun, 13 Jul 2025 13:31:58 GMT","location":"","name":"Ehehr Wearhwefrwa","tagList":[],"tags":"","updatedAt":"2025-07-13T13:31:58.000Z","viewed":false,"voiceMessage":null},"status":"ok"},"module":"events","timestamp":"2025-07-13T13:31:58.549Z"}
{"level":"silly","message":"netPromise > phone:getMatchProfiles > RequestObj","module":"events","timestamp":"2025-07-13T13:39:22.516Z"}
{"level":"silly","message":{"data":null,"source":1},"module":"events","timestamp":"2025-07-13T13:39:22.516Z"}
{"level":"info","message":"Executed query (\n        SELECT npwd_match_profiles.*,\n               UNIX_TIMESTAMP(npwd_match_profiles.updatedAt) AS lastActive,\n               MaxDates.lastSeen,\n               MaxDates.liked\n        FROM npwd_match_profiles\n                 LEFT OUTER JOIN (\n            SELECT id, profile, liked, MAX(createdAt) AS lastSeen\n            FROM npwd_match_views\n            WHERE identifier = ?\n            GROUP BY id, profile, liked\n        ) AS MaxDates ON npwd_match_profiles.id = MaxDates.profile\n        WHERE npwd_match_profiles.identifier != ?\n          AND (MaxDates.lastSeen IS NULL OR MaxDates.lastSeen < NOW() - INTERVAL 7 DAY)\n          AND MaxDates.liked IS NULL\n        ORDER BY npwd_match_profiles.updatedAt DESC\n        LIMIT 25\n\t\t [\"NWG540HH\",\"NWG540HH\"]) in 169.5728ms'","module":"DBInterface","timestamp":"2025-07-13T13:39:22.686Z"}
{"level":"silly","message":"Response Promise Event phone:getMatchProfiles:81afc84f-1f94-4657-ad45-75274ae37f44 (170.3797ms), Data >>","module":"events","timestamp":"2025-07-13T13:39:22.686Z"}
{"level":"silly","message":{"data":[{"bio":"","createdAt":"2025-07-13T13:04:57.000Z","id":5,"identifier":"ZSL3E5OK","image":"https://upload.wikimedia.org/wikipedia/commons/a/ac/No_image_available.svg","job":"","lastActive":1752411897,"lastActiveFormatted":"Sun, 13 Jul 2025 13:04:57 GMT","lastSeen":null,"liked":null,"location":"","name":"Harun Akar","tagList":[],"tags":"","updatedAt":"2025-07-13T13:04:57.000Z","viewed":false,"voiceMessage":null}],"status":"ok"},"module":"events","timestamp":"2025-07-13T13:39:22.686Z"}
{"level":"silly","message":"netPromise > phone:getMatches > RequestObj","module":"events","timestamp":"2025-07-13T13:39:24.423Z"}
{"level":"silly","message":{"data":{"page":0},"source":1},"module":"events","timestamp":"2025-07-13T13:39:24.424Z"}
{"level":"error","message":"Error executing (\n        SELECT targetProfile.*,\n               UNIX_TIMESTAMP(targetProfile.updatedAt)                                     AS lastActive,\n               UNIX_TIMESTAMP(GREATEST(npwd_match_views.createdAt, targetViews.createdAt)) AS matchedAt,\n               targetUser.phone_number                             AS phoneNumber\n        FROM npwd_match_views\n                 LEFT OUTER JOIN npwd_match_profiles AS targetProfile ON npwd_match_views.profile = targetProfile.id\n                 LEFT OUTER JOIN npwd_match_profiles AS myProfile ON npwd_match_views.identifier = myProfile.identifier\n                 LEFT OUTER JOIN npwd_match_views AS targetViews\n                                 ON targetProfile.identifier = targetViews.identifier AND\n                                    targetViews.profile = myProfile.id\n                 LEFT OUTER JOIN players AS targetUser ON targetProfile.identifier = targetUser.citizenid\n        WHERE npwd_match_views.identifier = ?\n          AND npwd_match_views.liked = 1\n          AND targetViews.liked = 1\n        ORDER BY matchedAt DESC\n        LIMIT ? OFFSET ?\n\t\t [\"NWG540HH\",\"20\",\"0\"]) with error message Illegal mix of collations (utf8mb4_general_ci,IMPLICIT) and (utf8mb4_unicode_ci,IMPLICIT) for operation '='","module":"DBInterface","timestamp":"2025-07-13T13:39:24.429Z"}
{"level":"error","message":"Failed to retrieve matches, (intermediate value) is not iterable","module":"match","timestamp":"2025-07-13T13:39:24.432Z"}
{"level":"silly","message":"Response Promise Event phone:getMatches:e478c7d1-5f49-4179-9578-908af783cc27 (8.9142ms), Data >>","module":"events","timestamp":"2025-07-13T13:39:24.433Z"}
{"level":"silly","message":{"errorMsg":"GENERIC_DB_ERROR","status":"error"},"module":"events","timestamp":"2025-07-13T13:39:24.433Z"}
{"level":"silly","message":"netPromise > phone:getMatches > RequestObj","module":"events","timestamp":"2025-07-13T13:39:24.575Z"}
{"level":"silly","message":{"data":{"page":0},"source":1},"module":"events","timestamp":"2025-07-13T13:39:24.575Z"}
{"level":"silly","message":"Response Promise Event phone:getMatches:cb89cf46-d462-410b-bd44-f56135cb56fe (0.401ms), Data >>","module":"events","timestamp":"2025-07-13T13:39:24.575Z"}
{"level":"silly","message":{"errorMsg":"ERROR_RATE_LIMITED","status":"error"},"module":"events","timestamp":"2025-07-13T13:39:24.575Z"}
{"level":"silly","message":"netPromise > npwd:fetchCalls > RequestObj","module":"events","timestamp":"2025-07-13T13:39:30.701Z"}
{"level":"silly","message":{"data":null,"source":1},"module":"events","timestamp":"2025-07-13T13:39:30.702Z"}
{"level":"info","message":"Executed query (SELECT * FROM npwd_calls WHERE receiver = ? OR transmitter = ? ORDER BY id DESC LIMIT ? [\"2065375426\",\"2065375426\",\"50\"]) in 1.6789ms'","module":"DBInterface","timestamp":"2025-07-13T13:39:30.704Z"}
{"level":"silly","message":"Response Promise Event npwd:fetchCalls:c5f2bd99-19db-44e8-be91-4cf81ddab671 (2.6288ms), Data >>","module":"events","timestamp":"2025-07-13T13:39:30.704Z"}
{"level":"silly","message":{"data":[],"status":"ok"},"module":"events","timestamp":"2025-07-13T13:39:30.704Z"}
{"level":"silly","message":"netPromise > npwd:darkchatFetchChannels > RequestObj","module":"events","timestamp":"2025-07-13T13:39:34.279Z"}
{"level":"silly","message":{"data":null,"source":1},"module":"events","timestamp":"2025-07-13T13:39:34.279Z"}
{"level":"info","message":"Executed query (SELECT npwd_darkchat_channels.id,\n                          npwd_darkchat_channels.channel_identifier AS identifier,\n                          npwd_darkchat_channels.label\n                   FROM npwd_darkchat_channels\n                            LEFT JOIN npwd_darkchat_channel_members\n                                      on npwd_darkchat_channels.id = npwd_darkchat_channel_members.channel_id\n                   WHERE npwd_darkchat_channel_members.user_identifier = ? [\"NWG540HH\"]) in 5.6184ms'","module":"DBInterface","timestamp":"2025-07-13T13:39:34.285Z"}
{"level":"silly","message":"Response Promise Event npwd:darkchatFetchChannels:e1bc9498-2e73-48b5-b720-93770b78f725 (6.3592ms), Data >>","module":"events","timestamp":"2025-07-13T13:39:34.286Z"}
{"level":"silly","message":{"data":[],"status":"ok"},"module":"events","timestamp":"2025-07-13T13:39:34.286Z"}
{"level":"silly","message":"netPromise > npwd:darkchatAddChannel > RequestObj","module":"events","timestamp":"2025-07-13T13:39:36.952Z"}
{"level":"silly","message":{"data":{"channelIdentifier":"asgaweg"},"source":1},"module":"events","timestamp":"2025-07-13T13:39:36.952Z"}
{"level":"info","message":"Executed query (SELECT *\n                   FROM npwd_darkchat_channels\n                   WHERE channel_identifier = ? [\"asgaweg\"]) in 1.3129ms'","module":"DBInterface","timestamp":"2025-07-13T13:39:36.954Z"}
{"level":"info","message":"Executed query (INSERT INTO npwd_darkchat_channels (channel_identifier, label)\n                   VALUES (?, ?) [\"asgaweg\",\"asgaweg\"]) in 2.0769ms'","module":"DBInterface","timestamp":"2025-07-13T13:39:36.956Z"}
{"level":"info","message":"Executed query (SELECT id, label\n                   FROM npwd_darkchat_channels\n                   WHERE channel_identifier = ? [\"asgaweg\"]) in 1.1009ms'","module":"DBInterface","timestamp":"2025-07-13T13:39:36.957Z"}
{"level":"info","message":"Executed query (SELECT channel_id      AS channelId,\n                          user_identifier AS identifier,\n                          is_owner        AS isOwner\n                   FROM npwd_darkchat_channel_members\n                   WHERE channel_id = ? [20]) in 1.0261ms'","module":"DBInterface","timestamp":"2025-07-13T13:39:36.958Z"}
{"level":"info","message":"Executed query (SELECT id, label\n                   FROM npwd_darkchat_channels\n                   WHERE channel_identifier = ? [\"asgaweg\"]) in 0.8909ms'","module":"DBInterface","timestamp":"2025-07-13T13:39:36.960Z"}
{"level":"info","message":"Executed query (INSERT INTO npwd_darkchat_channel_members (channel_id, user_identifier, is_owner)\n                   VALUES (?, ?, ?) [20,\"NWG540HH\",true]) in 1.6781ms'","module":"DBInterface","timestamp":"2025-07-13T13:39:36.962Z"}
{"level":"info","message":"Executed query (SELECT user_identifier\n                   FROM npwd_darkchat_channel_members\n                   WHERE channel_id = ?\n                     AND is_owner = 1 [20]) in 1.548ms'","module":"DBInterface","timestamp":"2025-07-13T13:39:36.963Z"}
{"level":"info","message":"Executed query (SELECT phone_number FROM players WHERE citizenid = ? [\"NWG540HH\"]) in 2.0426ms'","module":"DBInterface","timestamp":"2025-07-13T13:39:36.966Z"}
{"level":"silly","message":"Response Promise Event npwd:darkchatAddChannel:c94aa346-c159-44fa-acae-b8ceb410af99 (14.3701ms), Data >>","module":"events","timestamp":"2025-07-13T13:39:36.966Z"}
{"level":"silly","message":{"data":{"id":20,"identifier":"asgaweg","label":"asgaweg","owner":null},"status":"ok"},"module":"events","timestamp":"2025-07-13T13:39:36.966Z"}
{"level":"silly","message":"netPromise > npwd:darkchatFetchMessages > RequestObj","module":"events","timestamp":"2025-07-13T13:39:38.108Z"}
{"level":"silly","message":{"data":{"channelId":20},"source":1},"module":"events","timestamp":"2025-07-13T13:39:38.108Z"}
{"level":"silly","message":"netPromise > npwd:darkchatFetchMembers > RequestObj","module":"events","timestamp":"2025-07-13T13:39:38.108Z"}
{"level":"silly","message":{"data":{"channelId":20},"source":1},"module":"events","timestamp":"2025-07-13T13:39:38.108Z"}
{"level":"info","message":"Executed query (SELECT npwd_darkchat_channel_members.channel_id      AS channelId,\n                          npwd_darkchat_channel_members.is_owner        AS isOwner,\n                          npwd_darkchat_channel_members.user_identifier AS identifier\n                   FROM npwd_darkchat_channel_members\n                   WHERE channel_id = ? [20]) in 3.7059ms'","module":"DBInterface","timestamp":"2025-07-13T13:39:38.112Z"}
{"level":"silly","message":"Response Promise Event npwd:darkchatFetchMembers:b844eddf-07c8-4b36-9c22-18a7754a889e (4.312ms), Data >>","module":"events","timestamp":"2025-07-13T13:39:38.113Z"}
{"level":"silly","message":{"data":[{"channelId":20,"identifier":"NWG540HH","isOwner":1,"phoneNumber":"2065375426"}],"status":"ok"},"module":"events","timestamp":"2025-07-13T13:39:38.113Z"}
{"level":"info","message":"Executed query (SELECT id,\n                          message,\n                          user_identifier           AS identifier,\n                          UNIX_TIMESTAMP(createdAt) AS createdAt,\n                          is_image                  AS isImage \n                   FROM npwd_darkchat_messages\n                   WHERE npwd_darkchat_messages.channel_id = ? [20]) in 7.1396ms'","module":"DBInterface","timestamp":"2025-07-13T13:39:38.115Z"}
{"level":"silly","message":"Response Promise Event npwd:darkchatFetchMessages:2ce9edc0-b091-40da-ad1c-9b194a05b53c (7.849ms), Data >>","module":"events","timestamp":"2025-07-13T13:39:38.115Z"}
{"level":"silly","message":{"data":[],"status":"ok"},"module":"events","timestamp":"2025-07-13T13:39:38.116Z"}
{"level":"silly","message":"netPromise > npwd:darkchatSendMessage > RequestObj","module":"events","timestamp":"2025-07-13T13:39:40.729Z"}
{"level":"silly","message":{"data":{"channelId":20,"message":"awegaweg","phoneNumber":"2065375426","type":"text"},"source":1},"module":"events","timestamp":"2025-07-13T13:39:40.729Z"}
{"level":"info","message":"Executed query (INSERT INTO npwd_darkchat_messages (channel_id, message, user_identifier, is_image)\n                   VALUES (?, ?, ?, ?) [20,\"awegaweg\",\"NWG540HH\",false]) in 2.2037ms'","module":"DBInterface","timestamp":"2025-07-13T13:39:40.732Z"}
{"level":"info","message":"Executed query (SELECT id,\n                          message,\n                          user_identifier           AS identifier,\n                          UNIX_TIMESTAMP(createdAt) AS createdAt,\n                          is_image                  AS isImage \n                   FROM npwd_darkchat_messages\n                   WHERE channel_id = ?\n                     AND id = ? [20,31]) in 1.84ms'","module":"DBInterface","timestamp":"2025-07-13T13:39:40.734Z"}
{"level":"silly","message":"Response Promise Event npwd:darkchatSendMessage:55e2f90e-4574-4421-aa29-d34d2964b0b0 (5.1329ms), Data >>","module":"events","timestamp":"2025-07-13T13:39:40.734Z"}
{"level":"silly","message":{"data":{"channelId":20,"createdAt":1752413980,"id":31,"identifier":"NWG540HH","isImage":0,"isMine":true,"message":"awegaweg"},"status":"ok"},"module":"events","timestamp":"2025-07-13T13:39:40.734Z"}
{"level":"info","message":"Executed query (SELECT channel_id      AS channelId,\n                          user_identifier AS identifier,\n                          is_owner        AS isOwner\n                   FROM npwd_darkchat_channel_members\n                   WHERE channel_id = ? [20]) in 0.9254ms'","module":"DBInterface","timestamp":"2025-07-13T13:39:40.735Z"}
{"level":"silly","message":"netPromise > npwd:FetchPhotos > RequestObj","module":"events","timestamp":"2025-07-13T13:39:44.351Z"}
{"level":"silly","message":{"data":null,"source":1},"module":"events","timestamp":"2025-07-13T13:39:44.351Z"}
{"level":"info","message":"Executed query (SELECT id, image FROM npwd_phone_gallery WHERE identifier = ? ORDER BY id DESC [\"NWG540HH\"]) in 1.4537ms'","module":"DBInterface","timestamp":"2025-07-13T13:39:44.353Z"}
{"level":"silly","message":"Response Promise Event npwd:FetchPhotos:224db460-0a66-41df-b207-ae8440a8b42a (2.0391ms), Data >>","module":"events","timestamp":"2025-07-13T13:39:44.353Z"}
{"level":"silly","message":{"data":[],"status":"ok"},"module":"events","timestamp":"2025-07-13T13:39:44.353Z"}
{"level":"info","message":"Executed query (SELECT id FROM npwd_marketplace_listings WHERE identifier = ? [\"NWG540HH\"]) in 4.8063ms'","module":"DBInterface","timestamp":"2025-07-13T13:39:53.694Z"}
{"level":"info","message":"Executed query (DELETE FROM npwd_marketplace_listings WHERE identifier = ? AND reported = 0 [\"NWG540HH\"]) in 1.9347ms'","module":"DBInterface","timestamp":"2025-07-13T13:39:53.697Z"}
{"level":"info","message":"Unloaded NPWD Player, source: (1)","module":"player","timestamp":"2025-07-13T13:39:53.697Z"}
{"level":"info","message":"New NPWD Player added through event (2) (ARC08ZK1)","module":"player","timestamp":"2025-07-13T13:46:44.401Z"}
{"level":"debug","message":{"_firstname":"Wqegawg","_identifier":"ARC08ZK1","_lastname":"Awegawg","_phoneNumber":"4399149392","source":2,"username":"MrAliFurkan"},"module":"player","timestamp":"2025-07-13T13:46:44.401Z"}
{"level":"info","message":"New NPWD Player added through event (2) (ARC08ZK1)","module":"player","timestamp":"2025-07-13T13:46:44.405Z"}
{"level":"debug","message":{"_firstname":"Wqegawg","_identifier":"ARC08ZK1","_lastname":"Awegawg","_phoneNumber":"4399149392","source":2,"username":"MrAliFurkan"},"module":"player","timestamp":"2025-07-13T13:46:44.405Z"}
{"level":"silly","message":"netPromise > npwd:fetchTweets > RequestObj","module":"events","timestamp":"2025-07-13T13:46:44.550Z"}
{"level":"silly","message":{"data":{"pageId":0},"source":2},"module":"events","timestamp":"2025-07-13T13:46:44.550Z"}
{"level":"info","message":"Executed query (\n        SELECT *\n        FROM npwd_twitter_profiles\n        WHERE identifier = ?\n        LIMIT 1\n\t\t [\"ARC08ZK1\"]) in 4.7298ms'","module":"DBInterface","timestamp":"2025-07-13T13:46:44.555Z"}
{"level":"warn","message":"Aborted fetching tweets for user ARC08ZK1 because they do not have a profile.","module":"twitter","timestamp":"2025-07-13T13:46:44.555Z"}
{"level":"silly","message":"Response Promise Event npwd:fetchTweets:f7a9497a-a187-4c70-a715-1ccb41cf690d (5.3377ms), Data >>","module":"events","timestamp":"2025-07-13T13:46:44.555Z"}
{"level":"silly","message":{"data":[],"status":"ok"},"module":"events","timestamp":"2025-07-13T13:46:44.555Z"}
{"level":"silly","message":"netPromise > npwd:getOrCreateTwitterProfile > RequestObj","module":"events","timestamp":"2025-07-13T13:46:44.850Z"}
{"level":"silly","message":{"data":null,"source":2},"module":"events","timestamp":"2025-07-13T13:46:44.850Z"}
{"level":"silly","message":"netPromise > phone:getMyProfile > RequestObj","module":"events","timestamp":"2025-07-13T13:46:44.851Z"}
{"level":"silly","message":{"data":null,"source":2},"module":"events","timestamp":"2025-07-13T13:46:44.851Z"}
{"level":"silly","message":"netPromise > npwd:fetchMessageGroups > RequestObj","module":"events","timestamp":"2025-07-13T13:46:44.851Z"}
{"level":"silly","message":{"data":null,"source":2},"module":"events","timestamp":"2025-07-13T13:46:44.851Z"}
{"level":"silly","message":"netPromise > npwd-contact-getAll > RequestObj","module":"events","timestamp":"2025-07-13T13:46:44.851Z"}
{"level":"silly","message":{"data":null,"source":2},"module":"events","timestamp":"2025-07-13T13:46:44.851Z"}
{"level":"info","message":"Executed query (\n        SELECT *\n        FROM npwd_twitter_profiles\n        WHERE identifier = ?\n        LIMIT 1\n\t\t [\"ARC08ZK1\"]) in 2.5688ms'","module":"DBInterface","timestamp":"2025-07-13T13:46:44.853Z"}
{"level":"info","message":"Creating default Twitter profile Wqegawg_Awegawg for ARC08ZK1","module":"twitter","timestamp":"2025-07-13T13:46:44.853Z"}
{"level":"silly","message":"Response Promise Event npwd:fetchMessageGroups:3bcf82a1-f5c5-4a9e-aeab-f7f074860932 (3.0008ms), Data >>","module":"events","timestamp":"2025-07-13T13:46:44.854Z"}
{"level":"info","message":"Executed query (SELECT npwd_messages_conversations.id,\n                          npwd_messages_conversations.conversation_list         as conversationList,\n                          npwd_messages_participants.unread_count               as unreadCount,\n                          npwd_messages_conversations.is_group_chat             as isGroupChat,\n                          npwd_messages_conversations.label,\n                          UNIX_TIMESTAMP(npwd_messages_conversations.updatedAt) as updatedAt,\n                          npwd_messages_participants.participant\n                   FROM npwd_messages_conversations\n                            INNER JOIN npwd_messages_participants\n                                       on npwd_messages_conversations.id = npwd_messages_participants.conversation_id\n                   WHERE npwd_messages_participants.participant = ? [\"4399149392\"]) in 2.6148ms'","module":"DBInterface","timestamp":"2025-07-13T13:46:44.854Z"}
{"level":"silly","message":{"data":[],"status":"ok"},"module":"events","timestamp":"2025-07-13T13:46:44.854Z"}
{"level":"info","message":"Executed query (SELECT * FROM npwd_phone_contacts WHERE identifier = ? ORDER BY display ASC [\"ARC08ZK1\"]) in 2.9277ms'","module":"DBInterface","timestamp":"2025-07-13T13:46:44.854Z"}
{"level":"silly","message":"Response Promise Event npwd-contact-getAll:e5fe4ff1-28bb-457f-a958-77a250f25226 (3.2531ms), Data >>","module":"events","timestamp":"2025-07-13T13:46:44.855Z"}
{"level":"silly","message":{"data":[],"status":"ok"},"module":"events","timestamp":"2025-07-13T13:46:44.855Z"}
{"level":"info","message":"Executed query (\n        SELECT *,\n               UNIX_TIMESTAMP(updatedAt) AS lastActive\n        FROM npwd_match_profiles\n        WHERE identifier = ?\n        LIMIT 1\n\t\t [\"ARC08ZK1\"]) in 5.2702ms'","module":"DBInterface","timestamp":"2025-07-13T13:46:44.856Z"}
{"level":"info","message":"Creating default match profile Wqegawg Awegawg for ARC08ZK1","module":"match","timestamp":"2025-07-13T13:46:44.856Z"}
{"level":"info","message":"Executed query (\n        SELECT *\n        FROM npwd_twitter_profiles\n        WHERE identifier = ?\n        LIMIT 1\n\t\t [\"ARC08ZK1\"]) in 1.4356ms'","module":"DBInterface","timestamp":"2025-07-13T13:46:44.858Z"}
{"level":"silly","message":"Response Promise Event npwd:getOrCreateTwitterProfile:b961c2e9-ba70-4c02-a07c-16325664ba57 (8.815ms), Data >>","module":"events","timestamp":"2025-07-13T13:46:44.859Z"}
{"level":"silly","message":{"data":{"avatar_url":"https://i.fivemanage.com/images/3ClWwmpwkFhL.png","createdAt":"2025-07-13T13:46:44.000Z","id":7,"identifier":"ARC08ZK1","profile_name":"Wqegawg_Awegawg","updatedAt":"2025-07-13T13:46:44.000Z"},"status":"ok"},"module":"events","timestamp":"2025-07-13T13:46:44.860Z"}
{"level":"info","message":"Executed query (\n        SELECT *,\n               UNIX_TIMESTAMP(updatedAt) AS lastActive\n        FROM npwd_match_profiles\n        WHERE identifier = ?\n        LIMIT 1\n\t\t [\"ARC08ZK1\"]) in 1.8081ms'","module":"DBInterface","timestamp":"2025-07-13T13:46:44.862Z"}
{"level":"silly","message":"Response Promise Event phone:getMyProfile:70d236e5-777a-4948-bea7-ba0a6324fcbf (11.7876ms), Data >>","module":"events","timestamp":"2025-07-13T13:46:44.863Z"}
{"level":"silly","message":{"data":{"bio":"","createdAt":"2025-07-13T13:46:44.000Z","id":7,"identifier":"ARC08ZK1","image":"https://upload.wikimedia.org/wikipedia/commons/a/ac/No_image_available.svg","job":"","lastActive":1752414404,"lastActiveFormatted":"Sun, 13 Jul 2025 13:46:44 GMT","location":"","name":"Wqegawg Awegawg","tagList":[],"tags":"","updatedAt":"2025-07-13T13:46:44.000Z","viewed":false,"voiceMessage":null},"status":"ok"},"module":"events","timestamp":"2025-07-13T13:46:44.863Z"}
{"level":"info","message":"Executed query (SELECT id FROM npwd_marketplace_listings WHERE identifier = ? [\"ARC08ZK1\"]) in 13.4632ms'","module":"DBInterface","timestamp":"2025-07-13T14:00:10.593Z"}
{"level":"info","message":"Executed query (DELETE FROM npwd_marketplace_listings WHERE identifier = ? AND reported = 0 [\"ARC08ZK1\"]) in 8.291ms'","module":"DBInterface","timestamp":"2025-07-13T14:00:10.603Z"}
{"level":"info","message":"Unloaded NPWD Player, source: (2)","module":"player","timestamp":"2025-07-13T14:00:10.603Z"}
