================================================================
======== txAdmin v8.0.1 atop fxserver 16636 Starting - 7/9/2025, 4:20:17 PM
================================================================
================================================================
======== Log Rotated - 7/9/2025, 4:20:18 PM                     
================================================================
[16:21:05][MrAliFurkan] logged in from 127.0.0.1 via password
================================================================
======== txAdmin v8.0.1 atop fxserver 16636 Starting - 7/9/2025, 5:51:51 PM
================================================================
[17:55:08][MrAliFurkan] logged in from 127.0.0.1 via password
[18:01:53][MrAliFurkan] [MrAliFurkan] executed "RESTART SERVER"
[18:21:50][MrAliFurkan] [MrAliFurkan] executed "RESTART SERVER"
[18:31:31][MrAliFurkan] [MrAliFurkan] executed "RESTART SERVER"
[18:46:28][MrAliFurkan] [MrAliFurkan] executed "RESTART SERVER"
================================================================
======== txAdmin v8.0.1 atop fxserver 16636 Starting - 7/9/2025, 7:09:19 PM
================================================================
[19:09:40][MrAliFurkan] logged in from 127.0.0.1 via password
[19:14:55][MrAliFurkan] [MrAliFurkan] executed "RESTART SERVER"
================================================================
======== txAdmin v8.0.1 atop fxserver 16636 Starting - 7/9/2025, 8:15:57 PM
================================================================
[20:17:21][MrAliFurkan] logged in from 127.0.0.1 via password
[20:21:31][MrAliFurkan] [MrAliFurkan] executed "RESTART SERVER"
================================================================
======== txAdmin v8.0.1 atop fxserver 16636 Starting - 7/9/2025, 8:39:10 PM
================================================================
[20:40:21][MrAliFurkan] logged in from 127.0.0.1 via password
[20:43:28][MrAliFurkan] [MrAliFurkan] executed "stop retro_core"
================================================================
======== txAdmin v8.0.1 atop fxserver 16636 Starting - 7/9/2025, 8:57:45 PM
================================================================
[20:58:10][MrAliFurkan] logged in from 127.0.0.1 via password
[21:06:53][MrAliFurkan] [MrAliFurkan] executed "RESTART SERVER"
[21:07:31][MrAliFurkan] Ensured resource "npwd"
[21:07:32][MrAliFurkan] Ensured resource "npwd"
[21:09:02][MrAliFurkan] Refreshed resources
[21:09:08][MrAliFurkan] Refreshed resources
[21:09:11][MrAliFurkan] Ensured resource "screenshot-basic"
[21:09:12][MrAliFurkan] Ensured resource "npwd"
[21:10:19][MrAliFurkan] Ensured resource "npwd"
[21:14:30][MrAliFurkan] [MrAliFurkan] executed "RESTART SERVER"
