================================================================
======== txAdmin v8.0.1 atop fxserver 16636 Starting - 7/13/2025, 3:38:01 PM
================================================================
================================================================
======== Log Rotated - 7/13/2025, 3:38:05 PM                    
================================================================
[15:38:34][MrAliFurkan] logged in from 127.0.0.1 via password
[15:39:46][MrAliFurkan] [MrAliFurkan] executed "stop retro_core"
[15:46:49][MrAliFurkan] [MrAliFurkan] executed "start retro_core"
================================================================
======== txAdmin v8.0.1 atop fxserver 16636 Starting - 7/13/2025, 3:59:44 PM
================================================================
[16:01:28][MrAliFurkan] logged in from 127.0.0.1 via password
[16:02:55][MrAliFurkan] [MrAliFurkan] executed "restart retro_core"
[16:03:51][MrAliFurkan] [MrAliFurkan] executed "refresh"
[16:03:52][MrAliFurkan] [MrAliFurkan] executed "restart retro_core"
[16:10:23][MrAliFurkan] [MrAliFurkan] executed "giveadmin"
[16:10:30][MrAliFurkan] [MrAliFurkan] executed "addpermission 1 god"
[16:10:37][MrAliFurkan] [MrAliFurkan] executed "addpermission 2 god"
[16:11:04][MrAliFurkan] Adding user 'altun'.
================================================================
======== txAdmin v8.0.1 atop fxserver 16636 Starting - 7/13/2025, 4:28:16 PM
================================================================
[16:28:24][MrAliFurkan] logged in from 127.0.0.1 via password
[16:29:47][MrAliFurkan] Config changes: gameFeatures.playerModePtfx
[16:41:59][MrAliFurkan] Ensured resource "retro_spawn"
[16:42:01][MrAliFurkan] Stopped resource "qbx_spawn"
[16:45:08][MrAliFurkan] Ensured resource "retro_spawn"
