================================================================
======== Log Rotated - 7/13/2025, 3:38:05 PM                    
================================================================
║             TXADMIN║ ================================================================
║             TXADMIN║ ======== [9372] FXServer Starting - 7/13/2025, 3:38:07 PM       
║             TXADMIN║ ================================================================
[           resources] Scanning resources.
[           resources] Found 54 resources.
[          svadhesive] Authenticating server license key...
[          svadhesive] Server license key authentication succeeded. Welcome!
[    c-scripting-core] Creating script environments for monitor
[      script:monitor] [txAdmin] Resource v8.0.1 threads and commands set up. All Ready.
[           resources] Started resource monitor
[                 cmd] No such command *-##.
[    c-scripting-core] Creating script environments for mapmanager
[           resources] Started resource mapmanager
[    c-scripting-core] Creating script environments for chat
[           resources] Started resource chat
[           resources] Started resource spawnmanager
[    c-scripting-core] Creating script environments for sessionmanager
[           resources] Started resource sessionmanager
[    c-scripting-core] Creating script environments for hardcap
[           resources] Started resource hardcap
[    c-scripting-core] Creating script environments for baseevents
[           resources] Started resource baseevents
[    c-scripting-core] Creating script environments for ox_lib
[           resources] Started resource ox_lib
[    c-scripting-core] Creating script environments for oxmysql
[           resources] Started resource oxmysql
[    c-scripting-core] Creating script environments for qbx_core
[     script:qbx_core] [qbx_core] [INFO] Stopping hardcap...
[           resources] Stopping resource hardcap
[           resources] Started resource qbx_core
[    c-scripting-core] Creating script environments for ox_target
[           resources] Started resource ox_target
[    c-scripting-core] Creating script environments for retro_core
[           resources] Started resource retro_core
[    c-scripting-core] Creating script environments for ox_doorlock
[           resources] Started resource ox_doorlock
[    c-scripting-core] Creating script environments for ox_inventory
[           resources] Started resource ox_inventory
[    c-scripting-core] Creating script environments for ox_fuel
[           resources] Started resource ox_fuel
[    c-scripting-core] Creating script environments for qbx_adminmenu
[           resources] Started resource qbx_adminmenu
[    c-scripting-core] Creating script environments for qbx_garages
║             TXADMIN║ txaReportResources 
[           resources] Started resource qbx_garages
[    c-scripting-core] Creating script environments for qbx_hud
[           resources] Started resource qbx_hud
[           resources] Started resource MugShotBase64
[    c-scripting-core] Creating script environments for qbx_idcard
[           resources] Started resource qbx_idcard
[    c-scripting-core] Creating script environments for qbx_seatbelt
[           resources] Started resource qbx_seatbelt
[    c-scripting-core] Creating script environments for qbx_spawn
[           resources] Started resource qbx_spawn
[    c-scripting-core] Creating script environments for qbx_vehicles
[           resources] Started resource qbx_vehicles
[    c-scripting-core] Creating script environments for Renewed-Banking
[           resources] Started resource Renewed-Banking
[    c-scripting-core] Creating script environments for Renewed-Weathersync
[           resources] Started resource Renewed-Weathersync
[    c-scripting-core] Creating script environments for illenium-appearance
[           resources] Started resource illenium-appearance
[    c-scripting-core] Creating script environments for loadscreen
[           resources] Started resource loadscreen
[           resources] Started resource safecracker
[    c-scripting-core] Creating script environments for screenshot-basic
[           resources] Started resource screenshot-basic
[    c-scripting-core] Creating script environments for scully_emotemenu
[           resources] Started resource scully_emotemenu
[    c-scripting-core] Creating script environments for pma-voice
[           resources] Started resource pma-voice
[   resources:pillbox] Warning: could not find file `v_int_40.ytyp` (defined in fxmanifest.lua:6)
[           resources] Started resource pillbox (1 warning)
[    c-scripting-core] Creating script environments for npwd_qbx_garages
[           resources] Started resource npwd_qbx_garages
[    c-scripting-core] Creating script environments for npwd_qbx_mail
[           resources] Started resource npwd_qbx_mail
[    c-scripting-core] Creating script environments for npwd
[           resources] Started resource npwd
[    c-scripting-core] Creating script environments for qbx_npwd
[           resources] Started resource qbx_npwd
[ citizen-server-main] Warning: The players.json endpoint has been modified to no longer return the player identifiers without authentication.
[ citizen-server-main] To learn more about this change read our announcement at https://aka.cfx.re/players-json-privacy
[      script:monitor] [txAdmin] Sending resources list to txAdmin.
[ citizen-server-impl] server thread hitch warning: timer interval of 638 milliseconds
[      script:oxmysql] [11.8.2-MariaDB] Database server connection established!
[     script:qbx_core] [qbx_core] [INFO] Removed invalid groups from player_groups table
[ citizen-server-impl]         fff                          
[ citizen-server-impl]   cccc ff   xx  xx     rr rr    eee  
[ citizen-server-impl] cc     ffff   xx       rrr  r ee   e 
[ citizen-server-impl] cc     ff     xx   ... rr     eeeee  
[ citizen-server-impl]  ccccc ff   xx  xx ... rr      eeeee 
[ citizen-server-impl]                                      
[ citizen-server-impl] Authenticated with cfx.re Nucleus: https://mralifurkan-akyze9.users.cfx.re/
[     script:qbx_core] 
[     script:qbx_core] Welcome to Qbox!
[     script:qbx_core] To learn more, please check out the documentation at https://docs.qbox.re/.
[     script:qbx_core] To turn this message off, set the qbx:acknowledge convar to true in your server.cfg file.
[     script:qbx_core] 
[ script:ox_inventory] [ox_inventory] [INFO] Inventory has loaded 301 items
[script:scully_emotem] [scully_emotemenu] You are currently running the latest version.
║         MrAliFurkan║ stop retro_core
[           resources] Stopping resource retro_core
[ citizen-server-impl] sync thread hitch warning: timer interval of 132 milliseconds
[ citizen-server-impl] sync thread hitch warning: timer interval of 147 milliseconds
[ citizen-server-impl] server thread hitch warning: timer interval of 180 milliseconds
[ citizen-server-impl] server thread hitch warning: timer interval of 155 milliseconds
[ citizen-server-impl] sync thread hitch warning: timer interval of 169 milliseconds
[ citizen-server-impl] server thread hitch warning: timer interval of 266 milliseconds
[ citizen-server-impl] sync thread hitch warning: timer interval of 204 milliseconds
[ citizen-server-impl] sync thread hitch warning: timer interval of 181 milliseconds
[ citizen-server-impl] server thread hitch warning: timer interval of 184 milliseconds
[ citizen-server-impl] sync thread hitch warning: timer interval of 192 milliseconds
[ citizen-server-impl] server thread hitch warning: timer interval of 241 milliseconds
[ citizen-server-impl] sync thread hitch warning: timer interval of 106 milliseconds
[ citizen-server-impl] sync thread hitch warning: timer interval of 113 milliseconds
[ citizen-server-impl] server thread hitch warning: timer interval of 197 milliseconds
[ citizen-server-impl] sync thread hitch warning: timer interval of 224 milliseconds
[ citizen-server-impl] server thread hitch warning: timer interval of 221 milliseconds
[ citizen-server-impl] sync thread hitch warning: timer interval of 108 milliseconds
[ citizen-server-impl] sync thread hitch warning: timer interval of 123 milliseconds
[ citizen-server-impl] server thread hitch warning: timer interval of 171 milliseconds
[ citizen-server-impl] sync thread hitch warning: timer interval of 382 milliseconds
[ citizen-server-impl] server thread hitch warning: timer interval of 413 milliseconds
[ citizen-server-impl] sync thread hitch warning: timer interval of 117 milliseconds
[ citizen-server-impl] server thread hitch warning: timer interval of 166 milliseconds
[ citizen-server-impl] sync thread hitch warning: timer interval of 105 milliseconds
[ citizen-server-impl] sync thread hitch warning: timer interval of 194 milliseconds
[ citizen-server-impl] server thread hitch warning: timer interval of 256 milliseconds
[ citizen-server-impl] sync thread hitch warning: timer interval of 119 milliseconds
[ citizen-server-impl] sync thread hitch warning: timer interval of 107 milliseconds
[ citizen-server-impl] sync thread hitch warning: timer interval of 113 milliseconds
[ citizen-server-impl] sync thread hitch warning: timer interval of 157 milliseconds
[ citizen-server-impl] server thread hitch warning: timer interval of 153 milliseconds
[ citizen-server-impl] server thread hitch warning: timer interval of 156 milliseconds
[ citizen-server-impl] sync thread hitch warning: timer interval of 115 milliseconds
[ citizen-server-impl] sync thread hitch warning: timer interval of 104 milliseconds
[ citizen-server-impl] sync thread hitch warning: timer interval of 199 milliseconds
[ citizen-server-impl] server thread hitch warning: timer interval of 210 milliseconds
[ citizen-server-impl] sync thread hitch warning: timer interval of 111 milliseconds
[ citizen-server-impl] sync thread hitch warning: timer interval of 106 milliseconds
[38;5;73m[ citizen-server-impl] server thread hitch warning: timer interval of 168 milliseconds
[      script:oxmysql] [11.8.2-MariaDB] qbx_core took 516.0351ms to execute a query!
[      script:oxmysql] SELECT expire, reason FROM bans WHERE license = ? ["license2:06df416a266bc01fbfc2a3d944a82f504cd1a168"]
[ citizen-server-impl] sync thread hitch warning: timer interval of 135 milliseconds
[ citizen-server-impl] sync thread hitch warning: timer interval of 137 milliseconds
[ citizen-server-impl] sync thread hitch warning: timer interval of 127 milliseconds
[ citizen-server-impl] sync thread hitch warning: timer interval of 171 milliseconds
[ citizen-server-impl] server thread hitch warning: timer interval of 232 milliseconds
[ citizen-server-impl] sync thread hitch warning: timer interval of 123 milliseconds
[ citizen-server-impl] sync thread hitch warning: timer interval of 124 milliseconds
[ citizen-server-impl] sync thread hitch warning: timer interval of 123 milliseconds
[ citizen-server-impl] server thread hitch warning: timer interval of 195 milliseconds
[ citizen-server-impl] sync thread hitch warning: timer interval of 168 milliseconds
[ citizen-server-impl] sync thread hitch warning: timer interval of 115 milliseconds
[ citizen-server-impl] sync thread hitch warning: timer interval of 154 milliseconds
[ citizen-server-impl] server thread hitch warning: timer interval of 182 milliseconds
[ citizen-server-impl] server thread hitch warning: timer interval of 154 milliseconds
[ citizen-server-impl] sync thread hitch warning: timer interval of 175 milliseconds
[ citizen-server-impl] server thread hitch warning: timer interval of 215 milliseconds
[ citizen-server-impl] sync thread hitch warning: timer interval of 150 milliseconds
[ citizen-server-impl] sync thread hitch warning: timer interval of 153 milliseconds
[ citizen-server-impl] server thread hitch warning: timer interval of 152 milliseconds
[ citizen-server-impl] server thread hitch warning: timer interval of 159 milliseconds
[     script:qbx_core] [qbx_core] [INFO] altun has created a character
║         MrAliFurkan║ start retro_core
[    c-scripting-core] Creating script environments for retro_core
[           resources] Started resource retro_core
[ citizen-server-impl] server thread hitch warning: timer interval of 331 milliseconds
║             TXADMIN║ ================================================================
║             TXADMIN║ ======== [4448] FXServer Starting - 7/13/2025, 3:59:48 PM       
║             TXADMIN║ ================================================================
[           resources] Scanning resources.
[           resources] Found 54 resources.
[          svadhesive] Authenticating server license key...
[          svadhesive] Server license key authentication succeeded. Welcome!
[    c-scripting-core] Creating script environments for monitor
[      script:monitor] [txAdmin] Resource v8.0.1 threads and commands set up. All Ready.
[           resources] Started resource monitor
[                 cmd] No such command *-##.
[    c-scripting-core] Creating script environments for mapmanager
[           resources] Started resource mapmanager
[    c-scripting-core] Creating script environments for chat
[           resources] Started resource chat
[           resources] Started resource spawnmanager
[    c-scripting-core] Creating script environments for sessionmanager
[           resources] Started resource sessionmanager
[    c-scripting-core] Creating script environments for hardcap
[           resources] Started resource hardcap
[    c-scripting-core] Creating script environments for baseevents
[           resources] Started resource baseevents
[    c-scripting-core] Creating script environments for ox_lib
[           resources] Started resource ox_lib
[    c-scripting-core] Creating script environments for oxmysql
[           resources] Started resource oxmysql
[    c-scripting-core] Creating script environments for qbx_core
[     script:qbx_core] [qbx_core] [INFO] Stopping hardcap...
[           resources] Stopping resource hardcap
[           resources] Started resource qbx_core
[    c-scripting-core] Creating script environments for ox_target
[           resources] Started resource ox_target
[    c-scripting-core] Creating script environments for retro_core
[   script:retro_core] SCRIPT ERROR: @ox_lib/imports/require/server.lua:187: module 'retro_core.server.functions.items' not found
[   script:retro_core] 	no field package.preload['retro_core.server.functions.items']
[   script:retro_core] 	no file '@retro_core/retro_core/server/functions/items.lua'
[   script:retro_core] 	no file '@retro_core/retro_core/server/functions/items/init.lua'
[   script:retro_core] > require (@ox_lib/imports/require/server.lua:187)
[   script:retro_core] > fn (@retro_core/server/player.lua:1)
[           resources] Started resource retro_core
[    c-scripting-core] Creating script environments for ox_doorlock
[           resources] Started resource ox_doorlock
[    c-scripting-core] Creating script environments for ox_inventory
[           resources] Started resource ox_inventory
[    c-scripting-core] Creating script environments for ox_fuel
[           resources] Started resource ox_fuel
[    c-scripting-core] Creating script environments for qbx_adminmenu
[           resources] Started resource qbx_adminmenu
[    c-scripting-core] Creating script environments for qbx_garages
[           resources] Started resource qbx_garages
[    c-scripting-core] Creating script environments for qbx_hud
[           resources] Started resource qbx_hud
[           resources] Started resource MugShotBase64
[    c-scripting-core] Creating script environments for qbx_idcard
[           resources] Started resource qbx_idcard
[    c-scripting-core] Creating script environments for qbx_seatbelt
[           resources] Started resource qbx_seatbelt
[    c-scripting-core] Creating script environments for qbx_spawn
[           resources] Started resource qbx_spawn
[    c-scripting-core] Creating script environments for qbx_vehicles
[           resources] Started resource qbx_vehicles
[    c-scripting-core] Creating script environments for Renewed-Banking
[           resources] Started resource Renewed-Banking
[    c-scripting-core] Creating script environments for Renewed-Weathersync
[           resources] Started resource Renewed-Weathersync
[    c-scripting-core] Creating script environments for illenium-appearance
[           resources] Started resource illenium-appearance
[    c-scripting-core] Creating script environments for loadscreen
[           resources] Started resource loadscreen
[           resources] Started resource safecracker
[    c-scripting-core] Creating script environments for screenshot-basic
[           resources] Started resource screenshot-basic
[    c-scripting-core] Creating script environments for scully_emotemenu
[           resources] Started resource scully_emotemenu
[    c-scripting-core] Creating script environments for pma-voice
[           resources] Started resource pma-voice
[   resources:pillbox] Warning: could not find file `v_int_40.ytyp` (defined in fxmanifest.lua:6)
[           resources] Started resource pillbox (1 warning)
[    c-scripting-core] Creating script environments for npwd_qbx_garages
[           resources] Started resource npwd_qbx_garages
[    c-scripting-core] Creating script environments for npwd_qbx_mail
[           resources] Started resource npwd_qbx_mail
[    c-scripting-core] Creating script environments for npwd
[           resources] Started resource npwd
[    c-scripting-core] Creating script environments for qbx_npwd
[           resources] Started resource qbx_npwd
[ citizen-server-main] Warning: The players.json endpoint has been modified to no longer return the player identifiers without authentication.
[ citizen-server-main] To learn more about this change read our announcement at https://aka.cfx.re/players-json-privacy
[ citizen-server-impl] server thread hitch warning: timer interval of 473 milliseconds
[      script:oxmysql] [11.8.2-MariaDB] Database server connection established!
[     script:qbx_core] [qbx_core] [INFO] Removed invalid groups from player_groups table
[ citizen-server-impl]         fff                          
[ citizen-server-impl]   cccc ff   xx  xx     rr rr    eee  
[ citizen-server-impl] cc     ffff   xx       rrr  r ee   e 
[ citizen-server-impl] cc     ff     xx   ... rr     eeeee  
[ citizen-server-impl]  ccccc ff   xx  xx ... rr      eeeee 
[ citizen-server-impl]                                      
[ citizen-server-impl] Authenticated with cfx.re Nucleus: https://mralifurkan-akyze9.users.cfx.re/
[     script:qbx_core] 
[     script:qbx_core] Welcome to Qbox!
[     script:qbx_core] To learn more, please check out the documentation at https://docs.qbox.re/.
[     script:qbx_core] To turn this message off, set the qbx:acknowledge convar to true in your server.cfg file.
[     script:qbx_core] 
[ script:ox_inventory] [ox_inventory] [INFO] Inventory has loaded 301 items
[script:scully_emotem] [scully_emotemenu] You are currently running the latest version.
[ citizen-server-impl] sync thread hitch warning: timer interval of 121 milliseconds
[ citizen-server-impl] server thread hitch warning: timer interval of 156 milliseconds
[ citizen-server-impl] server thread hitch warning: timer interval of 162 milliseconds
[ citizen-server-impl] server thread hitch warning: timer interval of 159 milliseconds
║         MrAliFurkan║ restart retro_core
[           resources] Stopping resource retro_core
[    c-scripting-core] Creating script environments for retro_core
[   script:retro_core] SCRIPT ERROR: @ox_lib/imports/require/server.lua:187: module 'retro_core.server.functions.items' not found
[   script:retro_core] 	no field package.preload['retro_core.server.functions.items']
[   script:retro_core] 	no file '@retro_core/retro_core/server/functions/items.lua'
[   script:retro_core] 	no file '@retro_core/retro_core/server/functions/items/init.lua'
[   script:retro_core] > require (@ox_lib/imports/require/server.lua:187)
[   script:retro_core] > fn (@retro_core/server/player.lua:1)
[           resources] Started resource retro_core
[ citizen-server-impl] server thread hitch warning: timer interval of 186 milliseconds
║         MrAliFurkan║ refresh
[           resources] Scanning resources.
[           resources] Found 0 new resources, and refreshed 0/54 resources.
║         MrAliFurkan║ restart retro_core
[           resources] Stopping resource retro_core
[    c-scripting-core] Creating script environments for retro_core
[           resources] Started resource retro_core
[   script:retro_core] [LOG-CONNECTION] [Giriş] altun sunucuya bağlanıyor. License: license:06df416a266bc01fbfc2a3d944a82f504cd1a168
[     script:qbx_core] [qbx_core] [INFO] altun has created a character
[ script:ox_inventory] [ox_inventory] [INFO] Saving 1 inventories to the database
[ script:ox_inventory] [ox_inventory] [INFO] Saved 1/1 players (23.2318 ms)
[   script:retro_core] [LOG-CONNECTION] [Giriş] altun sunucuya bağlanıyor. License: license:06df416a266bc01fbfc2a3d944a82f504cd1a168
[ citizen-server-impl] sync thread hitch warning: timer interval of 104 milliseconds
[ citizen-server-impl] server thread hitch warning: timer interval of 555 milliseconds
[ citizen-server-impl] sync thread hitch warning: timer interval of 171 milliseconds
[ citizen-server-impl] sync thread hitch warning: timer interval of 155 milliseconds
[ citizen-server-impl] server thread hitch warning: timer interval of 858 milliseconds
[ citizen-server-impl] server thread hitch warning: timer interval of 170 milliseconds
[ citizen-server-impl] sync thread hitch warning: timer interval of 292 milliseconds
[ citizen-server-impl] network thread hitch warning: timer interval of 428 milliseconds
[ citizen-server-impl] server thread hitch warning: timer interval of 266 milliseconds
[ citizen-server-impl] sync thread hitch warning: timer interval of 430 milliseconds
[ citizen-server-impl] network thread hitch warning: timer interval of 436 milliseconds
[ citizen-server-impl] sync thread hitch warning: timer interval of 608 milliseconds
[ citizen-server-impl] network thread hitch warning: timer interval of 522 milliseconds
[ citizen-server-impl] server thread hitch warning: timer interval of 183 milliseconds
[ citizen-server-impl] sync thread hitch warning: timer interval of 297 milliseconds
[ citizen-server-impl] network thread hitch warning: timer interval of 282 milliseconds
[     script:qbx_core] [qbx_core] [INFO] altun (Citizen ID: ZSL3E5OK ID: 2) has successfully loaded!
[ script:ox_inventory] [ox_inventory] [INFO] Saving 1 inventories to the database
[ script:ox_inventory] [ox_inventory] [INFO] Saved 1/1 players (57.2545 ms)
║         MrAliFurkan║ giveadmin
[                 cmd] No such command giveadmin.
║         MrAliFurkan║ addpermission 1 god
[     script:qbx_core] command 'addpermission' received an invalid playerId for argument 1 (id), received '1'
║         MrAliFurkan║ addpermission 2 god
║             TXADMIN║ txaEvent "adminsUpdated" "[]"
[ citizen-server-impl] server thread hitch warning: timer interval of 152 milliseconds
[ citizen-server-impl] server thread hitch warning: timer interval of 190 milliseconds
[ citizen-server-impl] server thread hitch warning: timer interval of 162 milliseconds
║             TXADMIN║ ================================================================
║             TXADMIN║ ======== [27872] FXServer Starting - 7/13/2025, 4:28:17 PM      
║             TXADMIN║ ================================================================
[           resources] Scanning resources.
[           resources] Found 55 resources.
[          svadhesive] Authenticating server license key...
[          svadhesive] Server license key authentication succeeded. Welcome!
[    c-scripting-core] Creating script environments for monitor
[      script:monitor] [txAdmin] Resource v8.0.1 threads and commands set up. All Ready.
[           resources] Started resource monitor
[                 cmd] No such command *-##.
[    c-scripting-core] Creating script environments for mapmanager
[           resources] Started resource mapmanager
[    c-scripting-core] Creating script environments for chat
[           resources] Started resource chat
[           resources] Started resource spawnmanager
[    c-scripting-core] Creating script environments for sessionmanager
[           resources] Started resource sessionmanager
[    c-scripting-core] Creating script environments for hardcap
[           resources] Started resource hardcap
[    c-scripting-core] Creating script environments for baseevents
[           resources] Started resource baseevents
[    c-scripting-core] Creating script environments for ox_lib
[           resources] Started resource ox_lib
[    c-scripting-core] Creating script environments for oxmysql
[           resources] Started resource oxmysql
[    c-scripting-core] Creating script environments for qbx_core
[     script:qbx_core] [qbx_core] [INFO] Stopping hardcap...
[           resources] Stopping resource hardcap
[           resources] Started resource qbx_core
[    c-scripting-core] Creating script environments for ox_target
[           resources] Started resource ox_target
[    c-scripting-core] Creating script environments for retro_core
[           resources] Started resource retro_core
[    c-scripting-core] Creating script environments for ox_doorlock
[           resources] Started resource ox_doorlock
[    c-scripting-core] Creating script environments for ox_inventory
[           resources] Started resource ox_inventory
[    c-scripting-core] Creating script environments for ox_fuel
[           resources] Started resource ox_fuel
[    c-scripting-core] Creating script environments for qbx_adminmenu
[           resources] Started resource qbx_adminmenu
[    c-scripting-core] Creating script environments for qbx_garages
[           resources] Started resource qbx_garages
[    c-scripting-core] Creating script environments for qbx_hud
[           resources] Started resource qbx_hud
[           resources] Started resource MugShotBase64
[    c-scripting-core] Creating script environments for qbx_idcard
[           resources] Started resource qbx_idcard
[    c-scripting-core] Creating script environments for qbx_seatbelt
[           resources] Started resource qbx_seatbelt
[    c-scripting-core] Creating script environments for qbx_spawn
[           resources] Started resource qbx_spawn
[    c-scripting-core] Creating script environments for qbx_vehicles
[           resources] Started resource qbx_vehicles
[    c-scripting-core] Creating script environments for Renewed-Banking
[           resources] Started resource Renewed-Banking
[    c-scripting-core] Creating script environments for Renewed-Weathersync
[           resources] Started resource Renewed-Weathersync
[    c-scripting-core] Creating script environments for illenium-appearance
[           resources] Started resource illenium-appearance
[    c-scripting-core] Creating script environments for loadscreen
[           resources] Started resource loadscreen
[           resources] Started resource safecracker
[    c-scripting-core] Creating script environments for screenshot-basic
[           resources] Started resource screenshot-basic
[    c-scripting-core] Creating script environments for scully_emotemenu
[           resources] Started resource scully_emotemenu
[    c-scripting-core] Creating script environments for pma-voice
[           resources] Started resource pma-voice
[   resources:pillbox] Warning: could not find file `v_int_40.ytyp` (defined in fxmanifest.lua:6)
[           resources] Started resource pillbox (1 warning)
[    c-scripting-core] Creating script environments for npwd_qbx_garages
[           resources] Started resource npwd_qbx_garages
[    c-scripting-core] Creating script environments for npwd_qbx_mail
[           resources] Started resource npwd_qbx_mail
[    c-scripting-core] Creating script environments for npwd
[           resources] Started resource npwd
[    c-scripting-core] Creating script environments for qbx_npwd
[           resources] Started resource qbx_npwd
[ citizen-server-main] Warning: The players.json endpoint has been modified to no longer return the player identifiers without authentication.
[ citizen-server-main] To learn more about this change read our announcement at https://aka.cfx.re/players-json-privacy
[ citizen-server-impl] server thread hitch warning: timer interval of 533 milliseconds
[      script:oxmysql] [11.8.2-MariaDB] Database server connection established!
[     script:qbx_core] [qbx_core] [INFO] Removed invalid groups from player_groups table
[ citizen-server-impl]         fff                          
[ citizen-server-impl]   cccc ff   xx  xx     rr rr    eee  
[ citizen-server-impl] cc     ffff   xx       rrr  r ee   e 
[ citizen-server-impl] cc     ff     xx   ... rr     eeeee  
[ citizen-server-impl]  ccccc ff   xx  xx ... rr      eeeee 
[ citizen-server-impl]                                      
[ citizen-server-impl] Authenticated with cfx.re Nucleus: https://mralifurkan-akyze9.users.cfx.re/
[     script:qbx_core] 
[     script:qbx_core] Welcome to Qbox!
[     script:qbx_core] To learn more, please check out the documentation at https://docs.qbox.re/.
[     script:qbx_core] To turn this message off, set the qbx:acknowledge convar to true in your server.cfg file.
[     script:qbx_core] 
[ script:ox_inventory] [ox_inventory] [INFO] Inventory has loaded 301 items
[script:scully_emotem] [scully_emotemenu] You are currently running the latest version.
[ citizen-server-impl] sync thread hitch warning: timer interval of 104 milliseconds
[ citizen-server-impl] server thread hitch warning: timer interval of 181 milliseconds
║             TXADMIN║ setr "txAdmin-locale" "en"
║             TXADMIN║ set "txAdmin-serverName" "RetroV"
║             TXADMIN║ set "txAdmin-checkPlayerJoin" "true"
║             TXADMIN║ set "txAdmin-menuAlignRight" "false"
║             TXADMIN║ set "txAdmin-menuPageKey" "Tab"
║             TXADMIN║ set "txAdmin-playerModePtfx" "false"
║             TXADMIN║ set "txAdmin-hideAdminInPunishments" "true"
║             TXADMIN║ set "txAdmin-hideAdminInMessages" "false"
║             TXADMIN║ set "txAdmin-hideDefaultAnnouncement" "false"
║             TXADMIN║ set "txAdmin-hideDefaultDirectMessage" "false"
║             TXADMIN║ set "txAdmin-hideDefaultWarning" "false"
║             TXADMIN║ set "txAdmin-hideDefaultScheduledRestartWarning" "false"
║             TXADMIN║ txaEvent "configChanged" "{}"
[ citizen-server-impl] server thread hitch warning: timer interval of 169 milliseconds
[38;5;73m[ citizen-server-impl] server thread hitch warning: timer interval of 155 milliseconds
[ citizen-server-impl] server thread hitch warning: timer interval of 157 milliseconds
[ citizen-server-impl] server thread hitch warning: timer interval of 346 milliseconds
[ citizen-server-impl] server thread hitch warning: timer interval of 155 milliseconds
[ citizen-server-impl] server thread hitch warning: timer interval of 201 milliseconds
[ citizen-server-impl] server thread hitch warning: timer interval of 167 milliseconds
[ citizen-server-impl] server thread hitch warning: timer interval of 217 milliseconds
[ citizen-server-impl] server thread hitch warning: timer interval of 266 milliseconds
[ citizen-server-impl] server thread hitch warning: timer interval of 151 milliseconds
[ citizen-server-impl] server thread hitch warning: timer interval of 209 milliseconds
[ citizen-server-impl] server thread hitch warning: timer interval of 507 milliseconds
[ citizen-server-impl] server thread hitch warning: timer interval of 201 milliseconds
[ citizen-server-impl] server thread hitch warning: timer interval of 214 milliseconds
[ citizen-server-impl] server thread hitch warning: timer interval of 237 milliseconds
[ citizen-server-impl] server thread hitch warning: timer interval of 189 milliseconds
[ citizen-server-impl] server thread hitch warning: timer interval of 183 milliseconds
[ citizen-server-impl] server thread hitch warning: timer interval of 152 milliseconds
[ citizen-server-impl] server thread hitch warning: timer interval of 161 milliseconds
[ citizen-server-impl] server thread hitch warning: timer interval of 213 milliseconds
[   script:retro_core] [LOG-CONNECTION] [Giriş] MrAliFurkan sunucuya bağlanıyor. License: license:06df416a266bc01fbfc2a3d944a82f504cd1a168
[ citizen-server-impl] server thread hitch warning: timer interval of 178 milliseconds
[     script:qbx_core] [qbx_core] [INFO] MrAliFurkan has created a character
[ script:ox_inventory] [ox_inventory] [INFO] Saving 1 inventories to the database
[ script:ox_inventory] [ox_inventory] [INFO] Saved 1/1 players (53.4197 ms)
[         script:npwd] [NPWD] [DBInterface] [error]: Error executing (
[         script:npwd]         SELECT targetProfile.*,
[         script:npwd]                UNIX_TIMESTAMP(targetProfile.updatedAt)                                     AS lastActive,
[         script:npwd]                UNIX_TIMESTAMP(GREATEST(npwd_match_views.createdAt, targetViews.createdAt)) AS matchedAt,
[         script:npwd]                targetUser.phone_number                             AS phoneNumber
[         script:npwd]         FROM npwd_match_views
[         script:npwd]                  LEFT OUTER JOIN npwd_match_profiles AS targetProfile ON npwd_match_views.profile = targetProfile.id
[         script:npwd]                  LEFT OUTER JOIN npwd_match_profiles AS myProfile ON npwd_match_views.identifier = myProfile.identifier
[         script:npwd]                  LEFT OUTER JOIN npwd_match_views AS targetViews
[         script:npwd]                                  ON targetProfile.identifier = targetViews.identifier AND
[         script:npwd]                                     targetViews.profile = myProfile.id
[         script:npwd]                  LEFT OUTER JOIN players AS targetUser ON targetProfile.identifier = targetUser.citizenid
[         script:npwd]         WHERE npwd_match_views.identifier = ?
[         script:npwd]           AND npwd_match_views.liked = 1
[         script:npwd]           AND targetViews.liked = 1
[         script:npwd]         ORDER BY matchedAt DESC
[         script:npwd]         LIMIT ? OFFSET ?
[         script:npwd] 		 ["NWG540HH","20","0"]) with error message Illegal mix of collations (utf8mb4_general_ci,IMPLICIT) and (utf8mb4_unicode_ci,IMPLICIT) for operation '='
[         script:npwd] [NPWD] [match] [error]: Failed to retrieve matches, (intermediate value) is not iterable
[ citizen-server-impl] server thread hitch warning: timer interval of 191 milliseconds
║             TXADMIN║ txaReportResources 
[      script:monitor] [txAdmin] Sending resources list to txAdmin.
║         MrAliFurkan║ ensure "retro_spawn"
║             TXADMIN║ txaReportResources 
[    c-scripting-core] Creating script environments for retro_spawn
[           resources] Started resource retro_spawn
[      script:monitor] [txAdmin] Sending resources list to txAdmin.
║         MrAliFurkan║ stop "qbx_spawn"
[           resources] Stopping resource qbx_spawn
║             TXADMIN║ txaReportResources 
[      script:monitor] [txAdmin] Sending resources list to txAdmin.
[ citizen-server-impl] server thread hitch warning: timer interval of 174 milliseconds
[ citizen-server-impl] server thread hitch warning: timer interval of 165 milliseconds
║         MrAliFurkan║ ensure "retro_spawn"
║             TXADMIN║ txaReportResources 
[           resources] Stopping resource retro_spawn
[    c-scripting-core] Creating script environments for retro_spawn
[           resources] Started resource retro_spawn
[      script:monitor] [txAdmin] Sending resources list to txAdmin.
[ citizen-server-impl] server thread hitch warning: timer interval of 261 milliseconds
[ citizen-server-impl] server thread hitch warning: timer interval of 154 milliseconds
[ citizen-server-impl] server thread hitch warning: timer interval of 158 milliseconds
[ citizen-server-impl] server thread hitch warning: timer interval of 170 milliseconds
[ citizen-server-impl] server thread hitch warning: timer interval of 166 milliseconds
[ citizen-server-impl] server thread hitch warning: timer interval of 180 milliseconds
[   script:retro_core] [LOG-CONNECTION] [Giriş] MrAliFurkan sunucuya bağlanıyor. License: license:06df416a266bc01fbfc2a3d944a82f504cd1a168
[ citizen-server-impl] server thread hitch warning: timer interval of 180 milliseconds
[ citizen-server-impl] server thread hitch warning: timer interval of 188 milliseconds
[ citizen-server-impl] server thread hitch warning: timer interval of 162 milliseconds
[38;5;73m[ citizen-server-impl] server thread hitch warning: timer interval of 214 milliseconds
[ citizen-server-impl] server thread hitch warning: timer interval of 191 milliseconds
[ citizen-server-impl] server thread hitch warning: timer interval of 160 milliseconds
[ citizen-server-impl] server thread hitch warning: timer interval of 291 milliseconds
[ citizen-server-impl] server thread hitch warning: timer interval of 244 milliseconds
[ citizen-server-impl] sync thread hitch warning: timer interval of 103 milliseconds
[     script:qbx_core] [qbx_core] [INFO] MrAliFurkan has created a character
[     script:qbx_core] command 'car' failed to execute!
[     script:qbx_core] @qbx_core/config/server.lua:115: No such export GiveKeys in resource qbx_vehiclekeysWarning: unable to generate
[script:ox_inventory:] colaitem does not exist[ox_inventory] [INFO] Saving 1 inventories to the database
[ script:ox_inventory] [ox_inventory] [INFO] Saved 1/1 players (52.6872 ms)
[ citizen-server-impl] server thread hitch warning: timer interval of 173 milliseconds
[ citizen-server-impl] sync thread hitch warning: timer interval of 105 milliseconds
[ citizen-server-impl] server thread hitch warning: timer interval of 222 milliseconds
[ citizen-server-impl] sync thread hitch warning: timer interval of 101 milliseconds
[ citizen-server-impl] server thread hitch warning: timer interval of 180 milliseconds
[     script:qbx_core] command 'car' failed to execute!
[     script:qbx_core] @qbx_core/config/server.lua:115: No such export GiveKeys in resource qbx_vehiclekeyscommand 'car' failed to execute!
[     script:qbx_core] @qbx_core/config/server.lua:115: No such export GiveKeys in resource qbx_vehiclekeyssync thread hitch warning: timer interval of 102 milliseconds
[ citizen-server-impl] server thread hitch warning: timer interval of 163 milliseconds
[ citizen-server-impl] sync thread hitch warning: timer interval of 101 milliseconds
[ script:ox_inventory] [ox_inventory] [INFO] Saving 1 inventories to the database
[ script:ox_inventory] [ox_inventory] [INFO] Saved 1/1 players (53.7322 ms)
[ citizen-server-impl] server thread hitch warning: timer interval of 155 milliseconds
[ citizen-server-impl] server thread hitch warning: timer interval of 179 milliseconds
[ citizen-server-impl] sync thread hitch warning: timer interval of 105 milliseconds
[ citizen-server-impl] server thread hitch warning: timer interval of 189 milliseconds
[ citizen-server-impl] server thread hitch warning: timer interval of 168 milliseconds
[ script:ox_inventory] [ox_inventory] [INFO] Saving 1 inventories to the database
[ script:ox_inventory] [ox_inventory] [INFO] Saved 1/1 players (43.6564 ms)
