================================================================
======== txAdmin v8.0.1 atop fxserver 16636 Starting - 7/8/2025, 8:39:05 PM
================================================================
[8:52:01 PM] txAdmin: Logger started
[8:53:51 PM] [qVxkn#1] MrAliFurkan: joined with identifiers [license:06df…a168, xbl:2535…5115, live:1055…7451, discord:3484…9329, license2:06df…a168]
[8:56:04 PM] [qVxkn#1] MrAliFurkan: said "noclip"
[8:56:19 PM] [qVxkn#1] MrAliFurkan: said "tx"
[8:56:34 PM] [qVxkn#1] MrAliFurkan: spawned a vehicle (model: tyrant)
[8:56:42 PM] [qVxkn#1] MrAliFurkan: deleted a vehicle
[8:56:48 PM] [qVxkn#1] MrAliFurkan: spawned a vehicle (model: baller7)
[8:56:52 PM] [qVxkn#1] MrAliFurkan: deleted a vehicle
[8:57:19 PM] [qVxkn#1] MrAliFurkan: said "/hud"
[8:57:22 PM] [qVxkn#1] MrAliFurkan: said "/hud"
[9:00:42 PM] [qVxkn#1] MrAliFurkan: enabled god mode
[9:01:19 PM] [qVxkn#1] MrAliFurkan: disconnected (Exiting)
================================================================
======== txAdmin v8.0.1 atop fxserver 16636 Starting - 7/8/2025, 9:07:50 PM
================================================================
[9:08:14 PM] txAdmin: Logger started
[9:12:15 PM] [eztMd#1] MrAliFurkan: joined with identifiers [license:06df…a168, xbl:2535…5115, live:1055…7451, discord:3484…9329, license2:06df…a168]
[9:16:48 PM] [eztMd#1] MrAliFurkan: disconnected (Exiting)
