================================================================
======== Log Rotated - 7/9/2025, 12:00:00 AM                    
================================================================
================================================================
======== txAdmin v8.0.1 atop fxserver 16636 Starting - 7/9/2025, 4:20:17 PM
================================================================
[4:20:35 PM] txAdmin: Logger started
[4:22:26 PM] [hGDBz#1] altun: joined with identifiers [license:06df…a168, xbl:2535…5115, live:1055…7451, discord:3484…9329, license2:06df…a168]
[4:31:41 PM] [hGDBz#1] altun: said "/fix"
[4:32:56 PM] [hGDBz#1] altun: died from suicide (Pump Shotgun)
[4:33:05 PM] [hGDBz#1] altun: said "/revive"
[4:33:07 PM] [hGDBz#1] altun: said "/revive"
[4:33:10 PM] [hGDBz#1] altun: said "/revive"
[4:33:47 PM] [hGDBz#1] altun: disconnected (Dropped.)
================================================================
======== txAdmin v8.0.1 atop fxserver 16636 Starting - 7/9/2025, 5:51:51 PM
================================================================
[5:51:56 PM] txAdmin: Logger started
[5:53:24 PM] [wrqPh#1] altun: joined with identifiers [license:06df…a168, xbl:2535…5115, live:1055…7451, discord:3484…9329, license2:06df…a168]
[6:01:44 PM] [wrqPh#1] altun: disconnected (Exiting)
[6:02:03 PM] txAdmin: Logger started
[6:03:25 PM] [BaEGP#1] altun: joined with identifiers [license:06df…a168, xbl:2535…5115, live:1055…7451, discord:3484…9329, license2:06df…a168]
[6:07:09 PM] [BaEGP#1] altun: disconnected (Exiting)
[6:22:11 PM] txAdmin: Logger started
[6:24:05 PM] [fLXLL#1] altun: joined with identifiers [license:06df…a168, xbl:2535…5115, live:1055…7451, discord:3484…9329, license2:06df…a168]
[6:31:52 PM] txAdmin: Logger started
[6:33:11 PM] [aWBGz#1] altun: joined with identifiers [license:06df…a168, xbl:2535…5115, live:1055…7451, discord:3484…9329, license2:06df…a168]
[6:34:19 PM] [aWBGz#1] altun: disconnected (Exiting)
[6:46:50 PM] txAdmin: Logger started
[6:48:44 PM] [3mH9q#1] altun: joined with identifiers [license:06df…a168, xbl:2535…5115, live:1055…7451, discord:3484…9329, license2:06df…a168]
[6:53:10 PM] [3mH9q#1] altun: disconnected (Exiting)
================================================================
======== txAdmin v8.0.1 atop fxserver 16636 Starting - 7/9/2025, 7:09:19 PM
================================================================
[7:10:05 PM] txAdmin: Logger started
[7:15:17 PM] txAdmin: Logger started
[7:15:50 PM] [WVebB#1] altun: joined with identifiers [license:06df…a168, xbl:2535…5115, live:1055…7451, discord:3484…9329, license2:06df…a168]
[7:18:49 PM] [WVebB#1] altun: said "/quişt"
[7:18:51 PM] [WVebB#1] altun: disconnected (Exiting)
================================================================
======== txAdmin v8.0.1 atop fxserver 16636 Starting - 7/9/2025, 8:15:57 PM
================================================================
[8:16:02 PM] txAdmin: Logger started
[8:21:41 PM] txAdmin: Logger started
[8:27:10 PM] [nwDVf#1] altun: joined with identifiers [license:06df…a168, xbl:2535…5115, live:1055…7451, discord:3484…9329, license2:06df…a168]
[8:38:53 PM] [nwDVf#1] altun: disconnected (Exiting)
================================================================
======== txAdmin v8.0.1 atop fxserver 16636 Starting - 7/9/2025, 8:39:10 PM
================================================================
[8:39:15 PM] txAdmin: Logger started
[8:41:10 PM] [CmhCd#1] altun: joined with identifiers [license:06df…a168, xbl:2535…5115, live:1055…7451, discord:3484…9329, license2:06df…a168]
[8:43:20 PM] [CmhCd#1] altun: disconnected (Exiting)
[8:45:10 PM] [CmhCd#2] altun: joined with identifiers [license:06df…a168, xbl:2535…5115, live:1055…7451, discord:3484…9329, license2:06df…a168]
[8:46:15 PM] [CmhCd#2] altun: disconnected (Exiting)
================================================================
======== txAdmin v8.0.1 atop fxserver 16636 Starting - 7/9/2025, 8:57:45 PM
================================================================
[8:57:51 PM] txAdmin: Logger started
[8:58:46 PM] [JGHqe#1] altun: joined with identifiers [license:06df…a168, xbl:2535…5115, live:1055…7451, discord:3484…9329, license2:06df…a168]
[9:07:15 PM] txAdmin: Logger started
[9:10:27 PM] [za7QY#1] altun: joined with identifiers [license:06df…a168, xbl:2535…5115, live:1055…7451, discord:3484…9329, license2:06df…a168]
[9:13:18 PM] [za7QY#1] altun: disconnected (Exiting)
[9:14:52 PM] txAdmin: Logger started
[9:16:53 PM] [fgF6C#1] altun: joined with identifiers [license:06df…a168, xbl:2535…5115, live:1055…7451, discord:3484…9329, license2:06df…a168]
