================================================================
======== txAdmin v8.0.1 atop fxserver 16636 Starting - 7/13/2025, 3:38:01 PM
================================================================
================================================================
======== Log Rotated - 7/13/2025, 3:38:05 PM                    
================================================================
[3:39:04 PM] txAdmin: Logger started
[3:41:04 PM] [ttndd#1] altun: joined with identifiers [license:06df…a168, xbl:2535…5115, live:1055…7451, license2:06df…a168]
[3:46:40 PM] [ttndd#1] altun: said "/quişt"
[3:46:41 PM] [ttndd#1] altun: disconnected (Exiting)
================================================================
======== txAdmin v8.0.1 atop fxserver 16636 Starting - 7/13/2025, 3:59:44 PM
================================================================
[4:00:15 PM] txAdmin: Logger started
[4:04:02 PM] [tte3r#1] altun: joined with identifiers [license:06df…a168, xbl:2535…5115, live:1055…7451, license2:06df…a168]
[4:05:24 PM] [tte3r#1] altun: disconnected (Exiting)
[4:06:01 PM] [tte3r#2] altun: joined with identifiers [license:06df…a168, xbl:2535…5115, live:1055…7451, license2:06df…a168]
[4:17:35 PM] [tte3r#2] altun: disconnected (Exiting)
================================================================
======== txAdmin v8.0.1 atop fxserver 16636 Starting - 7/13/2025, 4:28:16 PM
================================================================
[4:28:23 PM] txAdmin: Logger started
[4:31:12 PM] [KCYgQ#1] MrAliFurkan: joined with identifiers [license:06df…a168, xbl:2535…5115, live:1055…7451, discord:3484…9329, license2:06df…a168]
[4:39:53 PM] [KCYgQ#1] MrAliFurkan: disconnected (Exiting)
[4:45:44 PM] [KCYgQ#2] MrAliFurkan: joined with identifiers [license:06df…a168, xbl:2535…5115, live:1055…7451, discord:3484…9329, license2:06df…a168]
[4:55:18 PM] [KCYgQ#2] MrAliFurkan: died from suicide (Pump Shotgun)
[4:55:57 PM] [KCYgQ#2] MrAliFurkan: said "/revive"
[4:55:59 PM] [KCYgQ#2] MrAliFurkan: said "/revive"
[4:56:00 PM] [KCYgQ#2] MrAliFurkan: said "/revive"
[4:56:00 PM] [KCYgQ#2] MrAliFurkan: said "/revive"
[4:56:01 PM] [KCYgQ#2] MrAliFurkan: said "/revive"
[4:56:01 PM] [KCYgQ#2] MrAliFurkan: said "/revive"
[4:56:02 PM] [KCYgQ#2] MrAliFurkan: said "/revive"
[4:56:03 PM] [KCYgQ#2] MrAliFurkan: said "/revive"
[4:56:05 PM] [KCYgQ#2] MrAliFurkan: said "/healü"
[4:56:06 PM] [KCYgQ#2] MrAliFurkan: said "/heal"
[4:56:34 PM] [KCYgQ#2] MrAliFurkan: said "/refreshskin"
[5:00:08 PM] [KCYgQ#2] MrAliFurkan: said "/revive"
[5:00:10 PM] [KCYgQ#2] MrAliFurkan: disconnected (Exiting)
